{"/home/vic/Escritorio/Proyectos/sigil-flash/src/App.tsx": {"path":"/home/vic/Escritorio/Proyectos/sigil-flash/src/App.tsx","all":false,"statementMap":{"0":{"start":{"line":1,"column":0},"end":{"line":1,"column":73}},"18":{"start":{"line":19,"column":0},"end":{"line":19,"column":38}},"19":{"start":{"line":20,"column":0},"end":{"line":20,"column":27}},"20":{"start":{"line":21,"column":0},"end":{"line":21,"column":20}},"21":{"start":{"line":22,"column":0},"end":{"line":22,"column":19}},"22":{"start":{"line":23,"column":0},"end":{"line":23,"column":20}},"23":{"start":{"line":24,"column":0},"end":{"line":24,"column":36}},"24":{"start":{"line":25,"column":0},"end":{"line":25,"column":59}},"25":{"start":{"line":26,"column":0},"end":{"line":26,"column":2}},"27":{"start":{"line":28,"column":0},"end":{"line":28,"column":36}},"28":{"start":{"line":29,"column":0},"end":{"line":29,"column":61}},"29":{"start":{"line":30,"column":0},"end":{"line":30,"column":64}},"30":{"start":{"line":31,"column":0},"end":{"line":31,"column":70}},"31":{"start":{"line":32,"column":0},"end":{"line":32,"column":60}},"32":{"start":{"line":33,"column":0},"end":{"line":33,"column":69}},"33":{"start":{"line":34,"column":0},"end":{"line":34,"column":50}},"34":{"start":{"line":35,"column":0},"end":{"line":35,"column":42}},"35":{"start":{"line":36,"column":0},"end":{"line":36,"column":71}},"36":{"start":{"line":37,"column":0},"end":{"line":37,"column":62}},"37":{"start":{"line":38,"column":0},"end":{"line":38,"column":68}},"40":{"start":{"line":41,"column":0},"end":{"line":41,"column":64}},"42":{"start":{"line":43,"column":0},"end":{"line":43,"column":28}},"43":{"start":{"line":44,"column":0},"end":{"line":44,"column":83}},"44":{"start":{"line":45,"column":0},"end":{"line":45,"column":58}},"45":{"start":{"line":46,"column":0},"end":{"line":46,"column":4}},"47":{"start":{"line":48,"column":0},"end":{"line":48,"column":66}},"48":{"start":{"line":49,"column":0},"end":{"line":49,"column":71}},"52":{"start":{"line":53,"column":0},"end":{"line":53,"column":19}},"53":{"start":{"line":54,"column":0},"end":{"line":54,"column":43}},"54":{"start":{"line":55,"column":0},"end":{"line":55,"column":47}},"55":{"start":{"line":56,"column":0},"end":{"line":56,"column":20}},"56":{"start":{"line":57,"column":0},"end":{"line":57,"column":7}},"57":{"start":{"line":58,"column":0},"end":{"line":58,"column":30}},"58":{"start":{"line":59,"column":0},"end":{"line":59,"column":9}},"61":{"start":{"line":62,"column":0},"end":{"line":62,"column":19}},"62":{"start":{"line":63,"column":0},"end":{"line":63,"column":17}},"63":{"start":{"line":64,"column":0},"end":{"line":64,"column":22}},"64":{"start":{"line":65,"column":0},"end":{"line":65,"column":27}},"65":{"start":{"line":66,"column":0},"end":{"line":66,"column":13}},"66":{"start":{"line":67,"column":0},"end":{"line":67,"column":5}},"67":{"start":{"line":68,"column":0},"end":{"line":68,"column":26}},"68":{"start":{"line":69,"column":0},"end":{"line":69,"column":29}},"69":{"start":{"line":70,"column":0},"end":{"line":70,"column":23}},"70":{"start":{"line":71,"column":0},"end":{"line":71,"column":30}},"71":{"start":{"line":72,"column":0},"end":{"line":72,"column":24}},"72":{"start":{"line":73,"column":0},"end":{"line":73,"column":29}},"73":{"start":{"line":74,"column":0},"end":{"line":74,"column":8}},"74":{"start":{"line":75,"column":0},"end":{"line":75,"column":23}},"75":{"start":{"line":76,"column":0},"end":{"line":76,"column":30}},"76":{"start":{"line":77,"column":0},"end":{"line":77,"column":24}},"77":{"start":{"line":78,"column":0},"end":{"line":78,"column":36}},"78":{"start":{"line":79,"column":0},"end":{"line":79,"column":9}},"79":{"start":{"line":80,"column":0},"end":{"line":80,"column":18}},"80":{"start":{"line":81,"column":0},"end":{"line":81,"column":23}},"81":{"start":{"line":82,"column":0},"end":{"line":82,"column":6}},"82":{"start":{"line":83,"column":0},"end":{"line":83,"column":14}},"84":{"start":{"line":85,"column":0},"end":{"line":85,"column":52}},"85":{"start":{"line":86,"column":0},"end":{"line":86,"column":34}},"86":{"start":{"line":87,"column":0},"end":{"line":87,"column":21}},"87":{"start":{"line":88,"column":0},"end":{"line":88,"column":9}},"88":{"start":{"line":89,"column":0},"end":{"line":89,"column":35}},"89":{"start":{"line":90,"column":0},"end":{"line":90,"column":24}},"90":{"start":{"line":91,"column":0},"end":{"line":91,"column":71}},"91":{"start":{"line":92,"column":0},"end":{"line":92,"column":26}},"92":{"start":{"line":93,"column":0},"end":{"line":93,"column":64}},"93":{"start":{"line":94,"column":0},"end":{"line":94,"column":19}},"94":{"start":{"line":95,"column":0},"end":{"line":95,"column":30}},"95":{"start":{"line":96,"column":0},"end":{"line":96,"column":15}},"96":{"start":{"line":97,"column":0},"end":{"line":97,"column":25}},"97":{"start":{"line":98,"column":0},"end":{"line":98,"column":5}},"98":{"start":{"line":99,"column":0},"end":{"line":99,"column":30}},"100":{"start":{"line":101,"column":0},"end":{"line":101,"column":48}},"101":{"start":{"line":102,"column":0},"end":{"line":102,"column":9}},"102":{"start":{"line":103,"column":0},"end":{"line":103,"column":26}},"103":{"start":{"line":104,"column":0},"end":{"line":104,"column":19}},"104":{"start":{"line":105,"column":0},"end":{"line":105,"column":30}},"105":{"start":{"line":106,"column":0},"end":{"line":106,"column":5}},"106":{"start":{"line":107,"column":0},"end":{"line":107,"column":9}},"108":{"start":{"line":109,"column":0},"end":{"line":109,"column":57}},"109":{"start":{"line":110,"column":0},"end":{"line":110,"column":18}},"110":{"start":{"line":111,"column":0},"end":{"line":111,"column":21}},"111":{"start":{"line":112,"column":0},"end":{"line":112,"column":9}},"112":{"start":{"line":113,"column":0},"end":{"line":113,"column":30}},"113":{"start":{"line":114,"column":0},"end":{"line":114,"column":60}},"114":{"start":{"line":115,"column":0},"end":{"line":115,"column":19}},"115":{"start":{"line":116,"column":0},"end":{"line":116,"column":30}},"116":{"start":{"line":117,"column":0},"end":{"line":117,"column":15}},"117":{"start":{"line":118,"column":0},"end":{"line":118,"column":21}},"118":{"start":{"line":119,"column":0},"end":{"line":119,"column":5}},"119":{"start":{"line":120,"column":0},"end":{"line":120,"column":14}},"121":{"start":{"line":122,"column":0},"end":{"line":122,"column":33}},"122":{"start":{"line":123,"column":0},"end":{"line":123,"column":52}},"123":{"start":{"line":124,"column":0},"end":{"line":124,"column":58}},"125":{"start":{"line":126,"column":0},"end":{"line":126,"column":27}},"126":{"start":{"line":127,"column":0},"end":{"line":127,"column":25}},"127":{"start":{"line":128,"column":0},"end":{"line":128,"column":19}},"128":{"start":{"line":129,"column":0},"end":{"line":129,"column":16}},"129":{"start":{"line":130,"column":0},"end":{"line":130,"column":24}},"130":{"start":{"line":131,"column":0},"end":{"line":131,"column":33}},"131":{"start":{"line":132,"column":0},"end":{"line":132,"column":38}},"132":{"start":{"line":133,"column":0},"end":{"line":133,"column":27}},"133":{"start":{"line":134,"column":0},"end":{"line":134,"column":37}},"134":{"start":{"line":135,"column":0},"end":{"line":135,"column":53}},"135":{"start":{"line":136,"column":0},"end":{"line":136,"column":23}},"136":{"start":{"line":137,"column":0},"end":{"line":137,"column":12}},"138":{"start":{"line":139,"column":0},"end":{"line":139,"column":20}},"139":{"start":{"line":140,"column":0},"end":{"line":140,"column":87}},"140":{"start":{"line":141,"column":0},"end":{"line":141,"column":20}},"141":{"start":{"line":142,"column":0},"end":{"line":142,"column":67}},"142":{"start":{"line":143,"column":0},"end":{"line":143,"column":24}},"143":{"start":{"line":144,"column":0},"end":{"line":144,"column":16}},"144":{"start":{"line":145,"column":0},"end":{"line":145,"column":26}},"145":{"start":{"line":146,"column":0},"end":{"line":146,"column":27}},"146":{"start":{"line":147,"column":0},"end":{"line":147,"column":36}},"147":{"start":{"line":148,"column":0},"end":{"line":148,"column":47}},"148":{"start":{"line":149,"column":0},"end":{"line":149,"column":45}},"149":{"start":{"line":150,"column":0},"end":{"line":150,"column":86}},"150":{"start":{"line":151,"column":0},"end":{"line":151,"column":12}},"152":{"start":{"line":153,"column":0},"end":{"line":153,"column":5}},"153":{"start":{"line":154,"column":0},"end":{"line":154,"column":4}},"155":{"start":{"line":156,"column":0},"end":{"line":156,"column":10}},"156":{"start":{"line":157,"column":0},"end":{"line":157,"column":25}},"157":{"start":{"line":158,"column":0},"end":{"line":158,"column":34}},"158":{"start":{"line":159,"column":0},"end":{"line":159,"column":31}},"159":{"start":{"line":160,"column":0},"end":{"line":160,"column":58}},"161":{"start":{"line":162,"column":0},"end":{"line":162,"column":17}},"162":{"start":{"line":163,"column":0},"end":{"line":163,"column":57}},"163":{"start":{"line":164,"column":0},"end":{"line":164,"column":14}},"164":{"start":{"line":165,"column":0},"end":{"line":165,"column":72}},"165":{"start":{"line":166,"column":0},"end":{"line":166,"column":76}},"166":{"start":{"line":167,"column":0},"end":{"line":167,"column":15}},"168":{"start":{"line":169,"column":0},"end":{"line":169,"column":32}},"169":{"start":{"line":170,"column":0},"end":{"line":170,"column":35}},"170":{"start":{"line":171,"column":0},"end":{"line":171,"column":93}},"172":{"start":{"line":173,"column":0},"end":{"line":173,"column":34}},"173":{"start":{"line":174,"column":0},"end":{"line":174,"column":19}},"174":{"start":{"line":175,"column":0},"end":{"line":175,"column":27}},"175":{"start":{"line":176,"column":0},"end":{"line":176,"column":46}},"176":{"start":{"line":177,"column":0},"end":{"line":177,"column":40}},"177":{"start":{"line":178,"column":0},"end":{"line":178,"column":44}},"178":{"start":{"line":179,"column":0},"end":{"line":179,"column":13}},"180":{"start":{"line":181,"column":0},"end":{"line":181,"column":21}},"182":{"start":{"line":183,"column":0},"end":{"line":183,"column":47}},"183":{"start":{"line":184,"column":0},"end":{"line":184,"column":43}},"184":{"start":{"line":185,"column":0},"end":{"line":185,"column":60}},"185":{"start":{"line":186,"column":0},"end":{"line":186,"column":38}},"186":{"start":{"line":187,"column":0},"end":{"line":187,"column":19}},"187":{"start":{"line":188,"column":0},"end":{"line":188,"column":19}},"190":{"start":{"line":191,"column":0},"end":{"line":191,"column":44}},"191":{"start":{"line":192,"column":0},"end":{"line":192,"column":50}},"192":{"start":{"line":193,"column":0},"end":{"line":193,"column":19}},"193":{"start":{"line":194,"column":0},"end":{"line":194,"column":18}},"194":{"start":{"line":195,"column":0},"end":{"line":195,"column":15}},"195":{"start":{"line":196,"column":0},"end":{"line":196,"column":16}},"196":{"start":{"line":197,"column":0},"end":{"line":197,"column":16}},"198":{"start":{"line":199,"column":0},"end":{"line":199,"column":34}},"199":{"start":{"line":200,"column":0},"end":{"line":200,"column":93}},"200":{"start":{"line":201,"column":0},"end":{"line":201,"column":40}},"201":{"start":{"line":202,"column":0},"end":{"line":202,"column":23}},"202":{"start":{"line":203,"column":0},"end":{"line":203,"column":54}},"203":{"start":{"line":204,"column":0},"end":{"line":204,"column":23}},"204":{"start":{"line":205,"column":0},"end":{"line":205,"column":16}},"206":{"start":{"line":207,"column":0},"end":{"line":207,"column":15}},"207":{"start":{"line":208,"column":0},"end":{"line":208,"column":12}},"209":{"start":{"line":210,"column":0},"end":{"line":210,"column":35}},"212":{"start":{"line":213,"column":0},"end":{"line":213,"column":10}},"213":{"start":{"line":214,"column":0},"end":{"line":214,"column":37}},"214":{"start":{"line":215,"column":0},"end":{"line":215,"column":39}},"215":{"start":{"line":216,"column":0},"end":{"line":216,"column":52}},"217":{"start":{"line":218,"column":0},"end":{"line":218,"column":107}},"218":{"start":{"line":219,"column":0},"end":{"line":219,"column":26}},"219":{"start":{"line":220,"column":0},"end":{"line":220,"column":12}},"220":{"start":{"line":221,"column":0},"end":{"line":221,"column":57}},"221":{"start":{"line":222,"column":0},"end":{"line":222,"column":15}},"222":{"start":{"line":223,"column":0},"end":{"line":223,"column":10}},"224":{"start":{"line":225,"column":0},"end":{"line":225,"column":2}},"226":{"start":{"line":227,"column":0},"end":{"line":227,"column":19}}},"s":{"0":1,"18":1,"19":1,"20":1,"21":1,"22":1,"23":1,"24":1,"25":1,"27":1,"28":9,"29":9,"30":9,"31":9,"32":9,"33":9,"34":9,"35":9,"36":9,"37":9,"40":9,"42":9,"43":9,"44":9,"45":9,"47":9,"48":9,"52":9,"53":7,"54":7,"55":7,"56":7,"57":7,"58":9,"61":9,"62":7,"63":7,"64":7,"65":7,"66":7,"67":0,"68":0,"69":0,"70":0,"71":0,"72":0,"73":0,"74":0,"75":0,"76":0,"77":0,"78":0,"79":0,"80":0,"81":0,"82":9,"84":9,"85":0,"86":0,"87":0,"88":0,"89":0,"90":0,"91":0,"92":0,"93":0,"94":0,"95":0,"96":0,"97":0,"98":9,"100":9,"101":0,"102":0,"103":0,"104":0,"105":0,"106":9,"108":9,"109":0,"110":0,"111":0,"112":0,"113":0,"114":0,"115":0,"116":0,"117":0,"118":0,"119":9,"121":9,"122":0,"123":8,"125":9,"126":7,"127":7,"128":7,"129":7,"130":7,"131":7,"132":7,"133":7,"134":7,"135":7,"136":7,"138":7,"139":0,"140":7,"141":0,"142":7,"143":0,"144":0,"145":0,"146":0,"147":0,"148":0,"149":0,"150":0,"152":7,"153":7,"155":9,"156":9,"157":9,"158":9,"159":9,"161":9,"162":9,"163":9,"164":9,"165":9,"166":9,"168":9,"169":9,"170":9,"172":9,"173":9,"174":9,"175":9,"176":9,"177":9,"178":9,"180":9,"182":9,"183":8,"184":8,"185":24,"186":8,"187":8,"190":9,"191":0,"192":0,"193":0,"194":9,"195":9,"196":9,"198":9,"199":9,"200":9,"201":9,"202":0,"203":0,"204":0,"206":9,"207":9,"209":9,"212":9,"213":9,"214":9,"215":9,"217":9,"218":9,"219":9,"220":9,"221":9,"222":9,"224":9,"226":1},"branchMap":{"0":{"type":"branch","line":28,"loc":{"start":{"line":28,"column":29},"end":{"line":225,"column":2}},"locations":[{"start":{"line":28,"column":29},"end":{"line":225,"column":2}}]},"1":{"type":"branch","line":48,"loc":{"start":{"line":48,"column":21},"end":{"line":48,"column":66}},"locations":[{"start":{"line":48,"column":21},"end":{"line":48,"column":66}}]},"2":{"type":"branch","line":49,"loc":{"start":{"line":49,"column":36},"end":{"line":49,"column":71}},"locations":[{"start":{"line":49,"column":36},"end":{"line":49,"column":71}}]},"3":{"type":"branch","line":122,"loc":{"start":{"line":122,"column":25},"end":{"line":123,"column":52}},"locations":[{"start":{"line":122,"column":25},"end":{"line":123,"column":52}}]},"4":{"type":"branch","line":123,"loc":{"start":{"line":123,"column":6},"end":{"line":124,"column":58}},"locations":[{"start":{"line":123,"column":6},"end":{"line":124,"column":58}}]},"5":{"type":"branch","line":124,"loc":{"start":{"line":124,"column":26},"end":{"line":124,"column":58}},"locations":[{"start":{"line":124,"column":26},"end":{"line":124,"column":58}}]},"6":{"type":"branch","line":183,"loc":{"start":{"line":183,"column":41},"end":{"line":188,"column":19}},"locations":[{"start":{"line":183,"column":41},"end":{"line":188,"column":19}}]},"7":{"type":"branch","line":200,"loc":{"start":{"line":200,"column":11},"end":{"line":200,"column":93}},"locations":[{"start":{"line":200,"column":11},"end":{"line":200,"column":93}}]},"8":{"type":"branch","line":201,"loc":{"start":{"line":201,"column":12},"end":{"line":201,"column":40}},"locations":[{"start":{"line":201,"column":12},"end":{"line":201,"column":40}}]},"9":{"type":"branch","line":202,"loc":{"start":{"line":202,"column":11},"end":{"line":205,"column":16}},"locations":[{"start":{"line":202,"column":11},"end":{"line":205,"column":16}}]},"10":{"type":"branch","line":216,"loc":{"start":{"line":216,"column":16},"end":{"line":216,"column":43}},"locations":[{"start":{"line":216,"column":16},"end":{"line":216,"column":43}}]},"11":{"type":"branch","line":216,"loc":{"start":{"line":216,"column":31},"end":{"line":216,"column":52}},"locations":[{"start":{"line":216,"column":31},"end":{"line":216,"column":52}}]},"12":{"type":"branch","line":218,"loc":{"start":{"line":218,"column":44},"end":{"line":218,"column":69}},"locations":[{"start":{"line":218,"column":44},"end":{"line":218,"column":69}}]},"13":{"type":"branch","line":218,"loc":{"start":{"line":218,"column":55},"end":{"line":218,"column":82}},"locations":[{"start":{"line":218,"column":55},"end":{"line":218,"column":82}}]},"14":{"type":"branch","line":44,"loc":{"start":{"line":44,"column":4},"end":{"line":44,"column":83}},"locations":[{"start":{"line":44,"column":4},"end":{"line":44,"column":83}}]},"15":{"type":"branch","line":53,"loc":{"start":{"line":53,"column":12},"end":{"line":59,"column":5}},"locations":[{"start":{"line":53,"column":12},"end":{"line":59,"column":5}}]},"16":{"type":"branch","line":55,"loc":{"start":{"line":55,"column":38},"end":{"line":57,"column":5}},"locations":[{"start":{"line":55,"column":38},"end":{"line":57,"column":5}}]},"17":{"type":"branch","line":58,"loc":{"start":{"line":58,"column":11},"end":{"line":58,"column":30}},"locations":[{"start":{"line":58,"column":11},"end":{"line":58,"column":30}}]},"18":{"type":"branch","line":62,"loc":{"start":{"line":62,"column":12},"end":{"line":83,"column":5}},"locations":[{"start":{"line":62,"column":12},"end":{"line":83,"column":5}}]},"19":{"type":"branch","line":67,"loc":{"start":{"line":67,"column":4},"end":{"line":82,"column":6}},"locations":[{"start":{"line":67,"column":4},"end":{"line":82,"column":6}}]},"20":{"type":"branch","line":126,"loc":{"start":{"line":126,"column":20},"end":{"line":154,"column":4}},"locations":[{"start":{"line":126,"column":20},"end":{"line":154,"column":4}}]},"21":{"type":"branch","line":139,"loc":{"start":{"line":139,"column":6},"end":{"line":140,"column":87}},"locations":[{"start":{"line":139,"column":6},"end":{"line":140,"column":87}}]},"22":{"type":"branch","line":141,"loc":{"start":{"line":141,"column":6},"end":{"line":142,"column":67}},"locations":[{"start":{"line":141,"column":6},"end":{"line":142,"column":67}}]},"23":{"type":"branch","line":143,"loc":{"start":{"line":143,"column":6},"end":{"line":151,"column":12}},"locations":[{"start":{"line":143,"column":6},"end":{"line":151,"column":12}}]},"24":{"type":"branch","line":185,"loc":{"start":{"line":185,"column":52},"end":{"line":186,"column":38}},"locations":[{"start":{"line":185,"column":52},"end":{"line":186,"column":38}}]}},"b":{"0":[9],"1":[8],"2":[1],"3":[0],"4":[8],"5":[0],"6":[8],"7":[1],"8":[7],"9":[0],"10":[1],"11":[7],"12":[0],"13":[8],"14":[7],"15":[7],"16":[7],"17":[7],"18":[7],"19":[0],"20":[7],"21":[0],"22":[0],"23":[0],"24":[24]},"fnMap":{"0":{"name":"App","decl":{"start":{"line":28,"column":29},"end":{"line":225,"column":2}},"loc":{"start":{"line":28,"column":29},"end":{"line":225,"column":2}},"line":28},"1":{"name":"stepPanel","decl":{"start":{"line":126,"column":20},"end":{"line":154,"column":4}},"loc":{"start":{"line":126,"column":20},"end":{"line":154,"column":4}},"line":126},"2":{"name":"onEnrollmentKey","decl":{"start":{"line":150,"column":29},"end":{"line":150,"column":86}},"loc":{"start":{"line":150,"column":29},"end":{"line":150,"column":86}},"line":150}},"f":{"0":9,"1":7,"2":0}}
,"/home/vic/Escritorio/Proyectos/sigil-flash/src/components/ConfigForm.tsx": {"path":"/home/vic/Escritorio/Proyectos/sigil-flash/src/components/ConfigForm.tsx","all":false,"statementMap":{"0":{"start":{"line":1,"column":0},"end":{"line":1,"column":26}},"19":{"start":{"line":20,"column":0},"end":{"line":20,"column":73}},"20":{"start":{"line":21,"column":0},"end":{"line":21,"column":53}},"21":{"start":{"line":22,"column":0},"end":{"line":22,"column":49}},"22":{"start":{"line":23,"column":0},"end":{"line":23,"column":55}},"23":{"start":{"line":24,"column":0},"end":{"line":24,"column":49}},"24":{"start":{"line":25,"column":0},"end":{"line":25,"column":61}},"25":{"start":{"line":26,"column":0},"end":{"line":26,"column":57}},"26":{"start":{"line":27,"column":0},"end":{"line":27,"column":47}},"27":{"start":{"line":28,"column":0},"end":{"line":28,"column":2}},"38":{"start":{"line":39,"column":0},"end":{"line":39,"column":79}},"39":{"start":{"line":40,"column":0},"end":{"line":40,"column":49}},"40":{"start":{"line":41,"column":0},"end":{"line":41,"column":52}},"41":{"start":{"line":42,"column":0},"end":{"line":42,"column":79}},"43":{"start":{"line":44,"column":0},"end":{"line":44,"column":10}},"44":{"start":{"line":45,"column":0},"end":{"line":45,"column":61}},"45":{"start":{"line":46,"column":0},"end":{"line":46,"column":50}},"46":{"start":{"line":47,"column":0},"end":{"line":47,"column":15}},"47":{"start":{"line":48,"column":0},"end":{"line":48,"column":14}},"48":{"start":{"line":49,"column":0},"end":{"line":49,"column":82}},"49":{"start":{"line":50,"column":0},"end":{"line":50,"column":17}},"50":{"start":{"line":51,"column":0},"end":{"line":51,"column":48}},"51":{"start":{"line":52,"column":0},"end":{"line":52,"column":17}},"52":{"start":{"line":53,"column":0},"end":{"line":53,"column":12}},"54":{"start":{"line":55,"column":0},"end":{"line":55,"column":16}},"55":{"start":{"line":56,"column":0},"end":{"line":56,"column":46}},"56":{"start":{"line":57,"column":0},"end":{"line":57,"column":16}},"57":{"start":{"line":58,"column":0},"end":{"line":58,"column":12}},"59":{"start":{"line":60,"column":0},"end":{"line":60,"column":10}},"61":{"start":{"line":62,"column":0},"end":{"line":62,"column":2}},"63":{"start":{"line":64,"column":0},"end":{"line":64,"column":80}},"64":{"start":{"line":65,"column":0},"end":{"line":65,"column":81}},"65":{"start":{"line":66,"column":0},"end":{"line":66,"column":44}},"67":{"start":{"line":68,"column":0},"end":{"line":68,"column":41}},"68":{"start":{"line":69,"column":0},"end":{"line":69,"column":47}},"69":{"start":{"line":70,"column":0},"end":{"line":70,"column":42}},"70":{"start":{"line":71,"column":0},"end":{"line":71,"column":58}},"71":{"start":{"line":72,"column":0},"end":{"line":72,"column":78}},"72":{"start":{"line":73,"column":0},"end":{"line":73,"column":18}},"73":{"start":{"line":74,"column":0},"end":{"line":74,"column":53}},"74":{"start":{"line":75,"column":0},"end":{"line":75,"column":68}},"75":{"start":{"line":76,"column":0},"end":{"line":76,"column":13}},"76":{"start":{"line":77,"column":0},"end":{"line":77,"column":83}},"77":{"start":{"line":78,"column":0},"end":{"line":78,"column":71}},"78":{"start":{"line":79,"column":0},"end":{"line":79,"column":81}},"80":{"start":{"line":81,"column":0},"end":{"line":81,"column":10}},"81":{"start":{"line":82,"column":0},"end":{"line":82,"column":31}},"82":{"start":{"line":83,"column":0},"end":{"line":83,"column":34}},"83":{"start":{"line":84,"column":0},"end":{"line":84,"column":70}},"84":{"start":{"line":85,"column":0},"end":{"line":85,"column":12}},"86":{"start":{"line":87,"column":0},"end":{"line":87,"column":34}},"87":{"start":{"line":88,"column":0},"end":{"line":88,"column":14}},"88":{"start":{"line":89,"column":0},"end":{"line":89,"column":25}},"89":{"start":{"line":90,"column":0},"end":{"line":90,"column":33}},"90":{"start":{"line":91,"column":0},"end":{"line":91,"column":29}},"91":{"start":{"line":92,"column":0},"end":{"line":92,"column":97}},"93":{"start":{"line":94,"column":0},"end":{"line":94,"column":22}},"94":{"start":{"line":95,"column":0},"end":{"line":95,"column":18}},"95":{"start":{"line":96,"column":0},"end":{"line":96,"column":23}},"96":{"start":{"line":97,"column":0},"end":{"line":97,"column":31}},"97":{"start":{"line":98,"column":0},"end":{"line":98,"column":25}},"98":{"start":{"line":99,"column":0},"end":{"line":99,"column":47}},"99":{"start":{"line":100,"column":0},"end":{"line":100,"column":40}},"100":{"start":{"line":101,"column":0},"end":{"line":101,"column":67}},"101":{"start":{"line":102,"column":0},"end":{"line":102,"column":14}},"103":{"start":{"line":104,"column":0},"end":{"line":104,"column":16}},"105":{"start":{"line":106,"column":0},"end":{"line":106,"column":88}},"106":{"start":{"line":107,"column":0},"end":{"line":107,"column":22}},"107":{"start":{"line":108,"column":0},"end":{"line":108,"column":18}},"108":{"start":{"line":109,"column":0},"end":{"line":109,"column":23}},"109":{"start":{"line":110,"column":0},"end":{"line":110,"column":31}},"110":{"start":{"line":111,"column":0},"end":{"line":111,"column":25}},"111":{"start":{"line":112,"column":0},"end":{"line":112,"column":37}},"112":{"start":{"line":113,"column":0},"end":{"line":113,"column":63}},"113":{"start":{"line":114,"column":0},"end":{"line":114,"column":14}},"115":{"start":{"line":116,"column":0},"end":{"line":116,"column":16}},"117":{"start":{"line":118,"column":0},"end":{"line":118,"column":14}},"118":{"start":{"line":119,"column":0},"end":{"line":119,"column":27}},"119":{"start":{"line":120,"column":0},"end":{"line":120,"column":47}},"120":{"start":{"line":121,"column":0},"end":{"line":121,"column":83}},"122":{"start":{"line":123,"column":0},"end":{"line":123,"column":22}},"123":{"start":{"line":124,"column":0},"end":{"line":124,"column":103}},"125":{"start":{"line":126,"column":0},"end":{"line":126,"column":16}},"127":{"start":{"line":128,"column":0},"end":{"line":128,"column":14}},"128":{"start":{"line":129,"column":0},"end":{"line":129,"column":24}},"129":{"start":{"line":130,"column":0},"end":{"line":130,"column":33}},"130":{"start":{"line":131,"column":0},"end":{"line":131,"column":81}},"132":{"start":{"line":133,"column":0},"end":{"line":133,"column":22}},"133":{"start":{"line":134,"column":0},"end":{"line":134,"column":19}},"134":{"start":{"line":135,"column":0},"end":{"line":135,"column":23}},"135":{"start":{"line":136,"column":0},"end":{"line":136,"column":31}},"136":{"start":{"line":137,"column":0},"end":{"line":137,"column":64}},"137":{"start":{"line":138,"column":0},"end":{"line":138,"column":63}},"139":{"start":{"line":140,"column":0},"end":{"line":140,"column":48}},"140":{"start":{"line":141,"column":0},"end":{"line":141,"column":50}},"141":{"start":{"line":142,"column":0},"end":{"line":142,"column":39}},"142":{"start":{"line":143,"column":0},"end":{"line":143,"column":25}},"143":{"start":{"line":144,"column":0},"end":{"line":144,"column":17}},"144":{"start":{"line":145,"column":0},"end":{"line":145,"column":21}},"146":{"start":{"line":147,"column":0},"end":{"line":147,"column":16}},"148":{"start":{"line":149,"column":0},"end":{"line":149,"column":14}},"149":{"start":{"line":150,"column":0},"end":{"line":150,"column":22}},"150":{"start":{"line":151,"column":0},"end":{"line":151,"column":46}},"151":{"start":{"line":152,"column":0},"end":{"line":152,"column":26}},"152":{"start":{"line":153,"column":0},"end":{"line":153,"column":92}},"154":{"start":{"line":155,"column":0},"end":{"line":155,"column":22}},"155":{"start":{"line":156,"column":0},"end":{"line":156,"column":18}},"156":{"start":{"line":157,"column":0},"end":{"line":157,"column":23}},"157":{"start":{"line":158,"column":0},"end":{"line":158,"column":31}},"158":{"start":{"line":159,"column":0},"end":{"line":159,"column":29}},"159":{"start":{"line":160,"column":0},"end":{"line":160,"column":43}},"160":{"start":{"line":161,"column":0},"end":{"line":161,"column":34}},"161":{"start":{"line":162,"column":0},"end":{"line":162,"column":63}},"162":{"start":{"line":163,"column":0},"end":{"line":163,"column":14}},"164":{"start":{"line":165,"column":0},"end":{"line":165,"column":16}},"166":{"start":{"line":167,"column":0},"end":{"line":167,"column":14}},"167":{"start":{"line":168,"column":0},"end":{"line":168,"column":22}},"168":{"start":{"line":169,"column":0},"end":{"line":169,"column":53}},"169":{"start":{"line":170,"column":0},"end":{"line":170,"column":26}},"170":{"start":{"line":171,"column":0},"end":{"line":171,"column":100}},"172":{"start":{"line":173,"column":0},"end":{"line":173,"column":22}},"173":{"start":{"line":174,"column":0},"end":{"line":174,"column":18}},"174":{"start":{"line":175,"column":0},"end":{"line":175,"column":23}},"175":{"start":{"line":176,"column":0},"end":{"line":176,"column":31}},"176":{"start":{"line":177,"column":0},"end":{"line":177,"column":25}},"177":{"start":{"line":178,"column":0},"end":{"line":178,"column":43}},"178":{"start":{"line":179,"column":0},"end":{"line":179,"column":45}},"179":{"start":{"line":180,"column":0},"end":{"line":180,"column":63}},"180":{"start":{"line":181,"column":0},"end":{"line":181,"column":14}},"182":{"start":{"line":183,"column":0},"end":{"line":183,"column":16}},"184":{"start":{"line":185,"column":0},"end":{"line":185,"column":14}},"185":{"start":{"line":186,"column":0},"end":{"line":186,"column":22}},"186":{"start":{"line":187,"column":0},"end":{"line":187,"column":42}},"187":{"start":{"line":188,"column":0},"end":{"line":188,"column":26}},"188":{"start":{"line":189,"column":0},"end":{"line":189,"column":95}},"190":{"start":{"line":191,"column":0},"end":{"line":191,"column":22}},"191":{"start":{"line":192,"column":0},"end":{"line":192,"column":18}},"192":{"start":{"line":193,"column":0},"end":{"line":193,"column":23}},"193":{"start":{"line":194,"column":0},"end":{"line":194,"column":31}},"194":{"start":{"line":195,"column":0},"end":{"line":195,"column":25}},"195":{"start":{"line":196,"column":0},"end":{"line":196,"column":44}},"196":{"start":{"line":197,"column":0},"end":{"line":197,"column":64}},"197":{"start":{"line":198,"column":0},"end":{"line":198,"column":14}},"199":{"start":{"line":200,"column":0},"end":{"line":200,"column":16}},"200":{"start":{"line":201,"column":0},"end":{"line":201,"column":12}},"202":{"start":{"line":203,"column":0},"end":{"line":203,"column":37}},"203":{"start":{"line":204,"column":0},"end":{"line":204,"column":51}},"204":{"start":{"line":205,"column":0},"end":{"line":205,"column":36}},"205":{"start":{"line":206,"column":0},"end":{"line":206,"column":77}},"206":{"start":{"line":207,"column":0},"end":{"line":207,"column":24}},"207":{"start":{"line":208,"column":0},"end":{"line":208,"column":20}},"208":{"start":{"line":209,"column":0},"end":{"line":209,"column":25}},"209":{"start":{"line":210,"column":0},"end":{"line":210,"column":33}},"210":{"start":{"line":211,"column":0},"end":{"line":211,"column":27}},"211":{"start":{"line":212,"column":0},"end":{"line":212,"column":45}},"212":{"start":{"line":213,"column":0},"end":{"line":213,"column":65}},"213":{"start":{"line":214,"column":0},"end":{"line":214,"column":16}},"215":{"start":{"line":216,"column":0},"end":{"line":216,"column":18}},"217":{"start":{"line":218,"column":0},"end":{"line":218,"column":60}},"218":{"start":{"line":219,"column":0},"end":{"line":219,"column":24}},"219":{"start":{"line":220,"column":0},"end":{"line":220,"column":20}},"220":{"start":{"line":221,"column":0},"end":{"line":221,"column":25}},"221":{"start":{"line":222,"column":0},"end":{"line":222,"column":33}},"222":{"start":{"line":223,"column":0},"end":{"line":223,"column":31}},"223":{"start":{"line":224,"column":0},"end":{"line":224,"column":49}},"224":{"start":{"line":225,"column":0},"end":{"line":225,"column":69}},"225":{"start":{"line":226,"column":0},"end":{"line":226,"column":16}},"227":{"start":{"line":228,"column":0},"end":{"line":228,"column":18}},"228":{"start":{"line":229,"column":0},"end":{"line":229,"column":14}},"229":{"start":{"line":230,"column":0},"end":{"line":230,"column":17}},"231":{"start":{"line":232,"column":0},"end":{"line":232,"column":37}},"232":{"start":{"line":233,"column":0},"end":{"line":233,"column":38}},"234":{"start":{"line":235,"column":0},"end":{"line":235,"column":36}},"235":{"start":{"line":236,"column":0},"end":{"line":236,"column":16}},"236":{"start":{"line":237,"column":0},"end":{"line":237,"column":24}},"237":{"start":{"line":238,"column":0},"end":{"line":238,"column":30}},"238":{"start":{"line":239,"column":0},"end":{"line":239,"column":27}},"239":{"start":{"line":240,"column":0},"end":{"line":240,"column":39}},"240":{"start":{"line":241,"column":0},"end":{"line":241,"column":65}},"241":{"start":{"line":242,"column":0},"end":{"line":242,"column":12}},"242":{"start":{"line":243,"column":0},"end":{"line":243,"column":94}},"243":{"start":{"line":244,"column":0},"end":{"line":244,"column":14}},"244":{"start":{"line":245,"column":0},"end":{"line":245,"column":34}},"246":{"start":{"line":247,"column":0},"end":{"line":247,"column":12}},"248":{"start":{"line":249,"column":0},"end":{"line":249,"column":31}},"249":{"start":{"line":250,"column":0},"end":{"line":250,"column":94}},"250":{"start":{"line":251,"column":0},"end":{"line":251,"column":24}},"251":{"start":{"line":252,"column":0},"end":{"line":252,"column":20}},"252":{"start":{"line":253,"column":0},"end":{"line":253,"column":25}},"253":{"start":{"line":254,"column":0},"end":{"line":254,"column":33}},"254":{"start":{"line":255,"column":0},"end":{"line":255,"column":31}},"255":{"start":{"line":256,"column":0},"end":{"line":256,"column":45}},"256":{"start":{"line":257,"column":0},"end":{"line":257,"column":65}},"257":{"start":{"line":258,"column":0},"end":{"line":258,"column":16}},"259":{"start":{"line":260,"column":0},"end":{"line":260,"column":18}},"261":{"start":{"line":262,"column":0},"end":{"line":262,"column":17}},"262":{"start":{"line":263,"column":0},"end":{"line":263,"column":14}},"264":{"start":{"line":265,"column":0},"end":{"line":265,"column":2}}},"s":{"0":1,"19":1,"20":1,"21":1,"22":1,"23":1,"24":1,"25":1,"26":1,"27":1,"38":1,"39":92,"40":92,"41":92,"43":92,"44":92,"45":92,"46":92,"47":92,"48":92,"49":92,"50":1,"51":1,"52":1,"54":92,"55":60,"56":60,"57":60,"59":92,"61":92,"63":1,"64":10,"65":1,"67":10,"68":10,"69":0,"70":10,"71":10,"72":10,"73":10,"74":0,"75":10,"76":10,"77":10,"78":10,"80":10,"81":10,"82":10,"83":10,"84":10,"86":10,"87":10,"88":10,"89":10,"90":10,"91":10,"93":10,"94":10,"95":10,"96":10,"97":10,"98":10,"99":10,"100":10,"101":10,"103":10,"105":10,"106":10,"107":10,"108":10,"109":10,"110":10,"111":10,"112":10,"113":10,"115":10,"117":10,"118":10,"119":10,"120":10,"122":10,"123":10,"125":10,"127":10,"128":10,"129":10,"130":10,"132":10,"133":10,"134":10,"135":10,"136":10,"137":10,"139":10,"140":70,"141":70,"142":70,"143":10,"144":10,"146":10,"148":10,"149":10,"150":10,"151":10,"152":10,"154":10,"155":10,"156":10,"157":10,"158":10,"159":10,"160":10,"161":10,"162":10,"164":10,"166":10,"167":10,"168":10,"169":10,"170":10,"172":10,"173":10,"174":10,"175":10,"176":10,"177":10,"178":10,"179":10,"180":10,"182":10,"184":10,"185":10,"186":10,"187":10,"188":10,"190":10,"191":10,"192":10,"193":10,"194":10,"195":10,"196":10,"197":10,"199":10,"200":10,"202":10,"203":10,"204":10,"205":10,"206":10,"207":10,"208":10,"209":10,"210":10,"211":10,"212":10,"213":10,"215":10,"217":10,"218":10,"219":10,"220":10,"221":10,"222":10,"223":10,"224":10,"225":10,"227":10,"228":10,"229":10,"231":10,"232":10,"234":10,"235":10,"236":10,"237":10,"238":10,"239":10,"240":10,"241":10,"242":10,"243":10,"244":10,"246":10,"248":10,"249":2,"250":2,"251":2,"252":2,"253":2,"254":2,"255":2,"256":2,"257":2,"259":2,"261":10,"262":10,"264":10},"branchMap":{"0":{"type":"branch","line":39,"loc":{"start":{"line":39,"column":36},"end":{"line":62,"column":2}},"locations":[{"start":{"line":39,"column":36},"end":{"line":62,"column":2}}]},"1":{"type":"branch","line":40,"loc":{"start":{"line":40,"column":17},"end":{"line":40,"column":39}},"locations":[{"start":{"line":40,"column":17},"end":{"line":40,"column":39}}]},"2":{"type":"branch","line":40,"loc":{"start":{"line":40,"column":29},"end":{"line":40,"column":49}},"locations":[{"start":{"line":40,"column":29},"end":{"line":40,"column":49}}]},"3":{"type":"branch","line":41,"loc":{"start":{"line":41,"column":18},"end":{"line":41,"column":42}},"locations":[{"start":{"line":41,"column":18},"end":{"line":41,"column":42}}]},"4":{"type":"branch","line":41,"loc":{"start":{"line":41,"column":31},"end":{"line":41,"column":52}},"locations":[{"start":{"line":41,"column":31},"end":{"line":41,"column":52}}]},"5":{"type":"branch","line":42,"loc":{"start":{"line":42,"column":64},"end":{"line":42,"column":79}},"locations":[{"start":{"line":42,"column":64},"end":{"line":42,"column":79}}]},"6":{"type":"branch","line":45,"loc":{"start":{"line":45,"column":28},"end":{"line":45,"column":55}},"locations":[{"start":{"line":45,"column":28},"end":{"line":45,"column":55}}]},"7":{"type":"branch","line":45,"loc":{"start":{"line":45,"column":36},"end":{"line":45,"column":57}},"locations":[{"start":{"line":45,"column":36},"end":{"line":45,"column":57}}]},"8":{"type":"branch","line":50,"loc":{"start":{"line":50,"column":7},"end":{"line":53,"column":12}},"locations":[{"start":{"line":50,"column":7},"end":{"line":53,"column":12}}]},"9":{"type":"branch","line":55,"loc":{"start":{"line":55,"column":7},"end":{"line":58,"column":12}},"locations":[{"start":{"line":55,"column":7},"end":{"line":58,"column":12}}]},"10":{"type":"branch","line":64,"loc":{"start":{"line":64,"column":53},"end":{"line":265,"column":2}},"locations":[{"start":{"line":64,"column":53},"end":{"line":265,"column":2}}]},"11":{"type":"branch","line":69,"loc":{"start":{"line":69,"column":46},"end":{"line":70,"column":42}},"locations":[{"start":{"line":69,"column":46},"end":{"line":70,"column":42}}]},"12":{"type":"branch","line":72,"loc":{"start":{"line":72,"column":26},"end":{"line":72,"column":73}},"locations":[{"start":{"line":72,"column":26},"end":{"line":72,"column":73}}]},"13":{"type":"branch","line":74,"loc":{"start":{"line":74,"column":11},"end":{"line":74,"column":53}},"locations":[{"start":{"line":74,"column":11},"end":{"line":74,"column":53}}]},"14":{"type":"branch","line":74,"loc":{"start":{"line":74,"column":52},"end":{"line":75,"column":68}},"locations":[{"start":{"line":74,"column":52},"end":{"line":75,"column":68}}]},"15":{"type":"branch","line":77,"loc":{"start":{"line":77,"column":31},"end":{"line":77,"column":78}},"locations":[{"start":{"line":77,"column":31},"end":{"line":77,"column":78}}]},"16":{"type":"branch","line":77,"loc":{"start":{"line":77,"column":74},"end":{"line":77,"column":83}},"locations":[{"start":{"line":77,"column":74},"end":{"line":77,"column":83}}]},"17":{"type":"branch","line":79,"loc":{"start":{"line":79,"column":72},"end":{"line":79,"column":81}},"locations":[{"start":{"line":79,"column":72},"end":{"line":79,"column":81}}]},"18":{"type":"branch","line":249,"loc":{"start":{"line":249,"column":16},"end":{"line":260,"column":18}},"locations":[{"start":{"line":249,"column":16},"end":{"line":260,"column":18}}]},"19":{"type":"branch","line":65,"loc":{"start":{"line":65,"column":14},"end":{"line":66,"column":44}},"locations":[{"start":{"line":65,"column":14},"end":{"line":66,"column":44}}]},"20":{"type":"branch","line":94,"loc":{"start":{"line":94,"column":11},"end":{"line":102,"column":14}},"locations":[{"start":{"line":94,"column":11},"end":{"line":102,"column":14}}]},"21":{"type":"branch","line":99,"loc":{"start":{"line":99,"column":28},"end":{"line":99,"column":47}},"locations":[{"start":{"line":99,"column":28},"end":{"line":99,"column":47}}]},"22":{"type":"branch","line":107,"loc":{"start":{"line":107,"column":11},"end":{"line":114,"column":14}},"locations":[{"start":{"line":107,"column":11},"end":{"line":114,"column":14}}]},"23":{"type":"branch","line":113,"loc":{"start":{"line":113,"column":24},"end":{"line":113,"column":63}},"locations":[{"start":{"line":113,"column":24},"end":{"line":113,"column":63}}]},"24":{"type":"branch","line":123,"loc":{"start":{"line":123,"column":11},"end":{"line":124,"column":103}},"locations":[{"start":{"line":123,"column":11},"end":{"line":124,"column":103}}]},"25":{"type":"branch","line":133,"loc":{"start":{"line":133,"column":11},"end":{"line":145,"column":21}},"locations":[{"start":{"line":133,"column":11},"end":{"line":145,"column":21}}]},"26":{"type":"branch","line":137,"loc":{"start":{"line":137,"column":28},"end":{"line":137,"column":64}},"locations":[{"start":{"line":137,"column":28},"end":{"line":137,"column":64}}]},"27":{"type":"branch","line":140,"loc":{"start":{"line":140,"column":36},"end":{"line":143,"column":25}},"locations":[{"start":{"line":140,"column":36},"end":{"line":143,"column":25}}]},"28":{"type":"branch","line":155,"loc":{"start":{"line":155,"column":11},"end":{"line":163,"column":14}},"locations":[{"start":{"line":155,"column":11},"end":{"line":163,"column":14}}]},"29":{"type":"branch","line":173,"loc":{"start":{"line":173,"column":11},"end":{"line":181,"column":14}},"locations":[{"start":{"line":173,"column":11},"end":{"line":181,"column":14}}]},"30":{"type":"branch","line":191,"loc":{"start":{"line":191,"column":11},"end":{"line":198,"column":14}},"locations":[{"start":{"line":191,"column":11},"end":{"line":198,"column":14}}]},"31":{"type":"branch","line":196,"loc":{"start":{"line":196,"column":28},"end":{"line":196,"column":44}},"locations":[{"start":{"line":196,"column":28},"end":{"line":196,"column":44}}]},"32":{"type":"branch","line":207,"loc":{"start":{"line":207,"column":13},"end":{"line":214,"column":16}},"locations":[{"start":{"line":207,"column":13},"end":{"line":214,"column":16}}]},"33":{"type":"branch","line":219,"loc":{"start":{"line":219,"column":13},"end":{"line":226,"column":16}},"locations":[{"start":{"line":219,"column":13},"end":{"line":226,"column":16}}]},"34":{"type":"branch","line":251,"loc":{"start":{"line":251,"column":13},"end":{"line":258,"column":16}},"locations":[{"start":{"line":251,"column":13},"end":{"line":258,"column":16}}]},"35":{"type":"branch","line":256,"loc":{"start":{"line":256,"column":30},"end":{"line":256,"column":45}},"locations":[{"start":{"line":256,"column":30},"end":{"line":256,"column":45}}]}},"b":{"0":[92],"1":[60],"2":[32],"3":[1],"4":[91],"5":[32],"6":[1],"7":[91],"8":[1],"9":[60],"10":[10],"11":[0],"12":[0],"13":[0],"14":[0],"15":[1],"16":[9],"17":[0],"18":[2],"19":[1],"20":[10],"21":[0],"22":[10],"23":[1],"24":[10],"25":[10],"26":[0],"27":[70],"28":[10],"29":[10],"30":[10],"31":[0],"32":[10],"33":[10],"34":[2],"35":[1]},"fnMap":{"0":{"name":"Field","decl":{"start":{"line":39,"column":36},"end":{"line":62,"column":2}},"loc":{"start":{"line":39,"column":36},"end":{"line":62,"column":2}},"line":39},"1":{"name":"ConfigForm","decl":{"start":{"line":64,"column":53},"end":{"line":265,"column":2}},"loc":{"start":{"line":64,"column":53},"end":{"line":265,"column":2}},"line":64},"2":{"name":"set","decl":{"start":{"line":65,"column":14},"end":{"line":66,"column":44}},"loc":{"start":{"line":65,"column":14},"end":{"line":66,"column":44}},"line":65},"3":{"name":"children","decl":{"start":{"line":94,"column":11},"end":{"line":102,"column":14}},"loc":{"start":{"line":94,"column":11},"end":{"line":102,"column":14}},"line":94},"4":{"name":"onChange","decl":{"start":{"line":101,"column":24},"end":{"line":101,"column":67}},"loc":{"start":{"line":101,"column":24},"end":{"line":101,"column":67}},"line":101},"5":{"name":"children","decl":{"start":{"line":107,"column":11},"end":{"line":114,"column":14}},"loc":{"start":{"line":107,"column":11},"end":{"line":114,"column":14}},"line":107},"6":{"name":"onChange","decl":{"start":{"line":113,"column":24},"end":{"line":113,"column":63}},"loc":{"start":{"line":113,"column":24},"end":{"line":113,"column":63}},"line":113},"7":{"name":"children","decl":{"start":{"line":123,"column":11},"end":{"line":124,"column":103}},"loc":{"start":{"line":123,"column":11},"end":{"line":124,"column":103}},"line":123},"8":{"name":"children","decl":{"start":{"line":133,"column":11},"end":{"line":145,"column":21}},"loc":{"start":{"line":133,"column":11},"end":{"line":145,"column":21}},"line":133},"9":{"name":"onChange","decl":{"start":{"line":138,"column":24},"end":{"line":138,"column":63}},"loc":{"start":{"line":138,"column":24},"end":{"line":138,"column":63}},"line":138},"10":{"name":"children","decl":{"start":{"line":155,"column":11},"end":{"line":163,"column":14}},"loc":{"start":{"line":155,"column":11},"end":{"line":163,"column":14}},"line":155},"11":{"name":"onChange","decl":{"start":{"line":162,"column":24},"end":{"line":162,"column":63}},"loc":{"start":{"line":162,"column":24},"end":{"line":162,"column":63}},"line":162},"12":{"name":"children","decl":{"start":{"line":173,"column":11},"end":{"line":181,"column":14}},"loc":{"start":{"line":173,"column":11},"end":{"line":181,"column":14}},"line":173},"13":{"name":"onChange","decl":{"start":{"line":180,"column":24},"end":{"line":180,"column":63}},"loc":{"start":{"line":180,"column":24},"end":{"line":180,"column":63}},"line":180},"14":{"name":"children","decl":{"start":{"line":191,"column":11},"end":{"line":198,"column":14}},"loc":{"start":{"line":191,"column":11},"end":{"line":198,"column":14}},"line":191},"15":{"name":"onChange","decl":{"start":{"line":197,"column":24},"end":{"line":197,"column":64}},"loc":{"start":{"line":197,"column":24},"end":{"line":197,"column":64}},"line":197},"16":{"name":"children","decl":{"start":{"line":207,"column":13},"end":{"line":214,"column":16}},"loc":{"start":{"line":207,"column":13},"end":{"line":214,"column":16}},"line":207},"17":{"name":"onChange","decl":{"start":{"line":213,"column":26},"end":{"line":213,"column":65}},"loc":{"start":{"line":213,"column":26},"end":{"line":213,"column":65}},"line":213},"18":{"name":"children","decl":{"start":{"line":219,"column":13},"end":{"line":226,"column":16}},"loc":{"start":{"line":219,"column":13},"end":{"line":226,"column":16}},"line":219},"19":{"name":"onChange","decl":{"start":{"line":225,"column":26},"end":{"line":225,"column":69}},"loc":{"start":{"line":225,"column":26},"end":{"line":225,"column":69}},"line":225},"20":{"name":"onChange","decl":{"start":{"line":241,"column":22},"end":{"line":241,"column":65}},"loc":{"start":{"line":241,"column":22},"end":{"line":241,"column":65}},"line":241},"21":{"name":"children","decl":{"start":{"line":251,"column":13},"end":{"line":258,"column":16}},"loc":{"start":{"line":251,"column":13},"end":{"line":258,"column":16}},"line":251},"22":{"name":"onChange","decl":{"start":{"line":257,"column":26},"end":{"line":257,"column":65}},"loc":{"start":{"line":257,"column":26},"end":{"line":257,"column":65}},"line":257}},"f":{"0":92,"1":10,"2":1,"3":10,"4":0,"5":10,"6":1,"7":10,"8":10,"9":0,"10":10,"11":0,"12":10,"13":0,"14":10,"15":0,"16":10,"17":0,"18":10,"19":0,"20":0,"21":2,"22":0}}
,"/home/vic/Escritorio/Proyectos/sigil-flash/src/components/CredentialPanel.tsx": {"path":"/home/vic/Escritorio/Proyectos/sigil-flash/src/components/CredentialPanel.tsx","all":false,"statementMap":{"0":{"start":{"line":1,"column":0},"end":{"line":1,"column":40}},"19":{"start":{"line":20,"column":0},"end":{"line":20,"column":70}},"20":{"start":{"line":21,"column":0},"end":{"line":21,"column":22}},"21":{"start":{"line":22,"column":0},"end":{"line":22,"column":16}},"22":{"start":{"line":23,"column":0},"end":{"line":23,"column":25}},"23":{"start":{"line":24,"column":0},"end":{"line":24,"column":52}},"24":{"start":{"line":25,"column":0},"end":{"line":25,"column":22}},"25":{"start":{"line":26,"column":0},"end":{"line":26,"column":1}},"27":{"start":{"line":28,"column":0},"end":{"line":28,"column":65}},"28":{"start":{"line":29,"column":0},"end":{"line":29,"column":9}},"29":{"start":{"line":30,"column":0},"end":{"line":30,"column":18}},"30":{"start":{"line":31,"column":0},"end":{"line":31,"column":18}},"31":{"start":{"line":32,"column":0},"end":{"line":32,"column":23}},"32":{"start":{"line":33,"column":0},"end":{"line":33,"column":18}},"33":{"start":{"line":34,"column":0},"end":{"line":34,"column":7}},"34":{"start":{"line":35,"column":0},"end":{"line":35,"column":58}},"35":{"start":{"line":36,"column":0},"end":{"line":36,"column":42}},"36":{"start":{"line":37,"column":0},"end":{"line":37,"column":58}},"37":{"start":{"line":38,"column":0},"end":{"line":38,"column":46}},"39":{"start":{"line":40,"column":0},"end":{"line":40,"column":43}},"42":{"start":{"line":43,"column":0},"end":{"line":43,"column":49}},"43":{"start":{"line":44,"column":0},"end":{"line":44,"column":60}},"45":{"start":{"line":46,"column":0},"end":{"line":46,"column":35}},"46":{"start":{"line":47,"column":0},"end":{"line":47,"column":18}},"47":{"start":{"line":48,"column":0},"end":{"line":48,"column":19}},"48":{"start":{"line":49,"column":0},"end":{"line":49,"column":21}},"49":{"start":{"line":50,"column":0},"end":{"line":50,"column":9}},"50":{"start":{"line":51,"column":0},"end":{"line":51,"column":55}},"51":{"start":{"line":52,"column":0},"end":{"line":52,"column":19}},"52":{"start":{"line":53,"column":0},"end":{"line":53,"column":28}},"53":{"start":{"line":54,"column":0},"end":{"line":54,"column":21}},"54":{"start":{"line":55,"column":0},"end":{"line":55,"column":15}},"55":{"start":{"line":56,"column":0},"end":{"line":56,"column":21}},"56":{"start":{"line":57,"column":0},"end":{"line":57,"column":5}},"57":{"start":{"line":58,"column":0},"end":{"line":58,"column":4}},"59":{"start":{"line":60,"column":0},"end":{"line":60,"column":40}},"60":{"start":{"line":61,"column":0},"end":{"line":61,"column":23}},"61":{"start":{"line":62,"column":0},"end":{"line":62,"column":18}},"62":{"start":{"line":63,"column":0},"end":{"line":63,"column":19}},"63":{"start":{"line":64,"column":0},"end":{"line":64,"column":9}},"64":{"start":{"line":65,"column":0},"end":{"line":65,"column":22}},"65":{"start":{"line":66,"column":0},"end":{"line":66,"column":32}},"66":{"start":{"line":67,"column":0},"end":{"line":67,"column":20}},"67":{"start":{"line":68,"column":0},"end":{"line":68,"column":16}},"68":{"start":{"line":69,"column":0},"end":{"line":69,"column":39}},"69":{"start":{"line":70,"column":0},"end":{"line":70,"column":42}},"70":{"start":{"line":71,"column":0},"end":{"line":71,"column":9}},"71":{"start":{"line":72,"column":0},"end":{"line":72,"column":8}},"72":{"start":{"line":73,"column":0},"end":{"line":73,"column":19}},"73":{"start":{"line":74,"column":0},"end":{"line":74,"column":28}},"74":{"start":{"line":75,"column":0},"end":{"line":75,"column":15}},"75":{"start":{"line":76,"column":0},"end":{"line":76,"column":21}},"76":{"start":{"line":77,"column":0},"end":{"line":77,"column":5}},"77":{"start":{"line":78,"column":0},"end":{"line":78,"column":4}},"79":{"start":{"line":80,"column":0},"end":{"line":80,"column":34}},"80":{"start":{"line":81,"column":0},"end":{"line":81,"column":24}},"81":{"start":{"line":82,"column":0},"end":{"line":82,"column":9}},"82":{"start":{"line":83,"column":0},"end":{"line":83,"column":50}},"83":{"start":{"line":84,"column":0},"end":{"line":84,"column":22}},"84":{"start":{"line":85,"column":0},"end":{"line":85,"column":13}},"85":{"start":{"line":86,"column":0},"end":{"line":86,"column":23}},"86":{"start":{"line":87,"column":0},"end":{"line":87,"column":5}},"87":{"start":{"line":88,"column":0},"end":{"line":88,"column":4}},"89":{"start":{"line":90,"column":0},"end":{"line":90,"column":10}},"90":{"start":{"line":91,"column":0},"end":{"line":91,"column":31}},"91":{"start":{"line":92,"column":0},"end":{"line":92,"column":34}},"92":{"start":{"line":93,"column":0},"end":{"line":93,"column":62}},"93":{"start":{"line":94,"column":0},"end":{"line":94,"column":77}},"94":{"start":{"line":95,"column":0},"end":{"line":95,"column":12}},"96":{"start":{"line":97,"column":0},"end":{"line":97,"column":32}},"99":{"start":{"line":100,"column":0},"end":{"line":100,"column":10}},"101":{"start":{"line":102,"column":0},"end":{"line":102,"column":29}},"102":{"start":{"line":103,"column":0},"end":{"line":103,"column":65}},"104":{"start":{"line":105,"column":0},"end":{"line":105,"column":16}},"105":{"start":{"line":106,"column":0},"end":{"line":106,"column":14}},"106":{"start":{"line":107,"column":0},"end":{"line":107,"column":30}},"107":{"start":{"line":108,"column":0},"end":{"line":108,"column":21}},"108":{"start":{"line":109,"column":0},"end":{"line":109,"column":27}},"109":{"start":{"line":110,"column":0},"end":{"line":110,"column":25}},"110":{"start":{"line":111,"column":0},"end":{"line":111,"column":61}},"111":{"start":{"line":112,"column":0},"end":{"line":112,"column":37}},"112":{"start":{"line":113,"column":0},"end":{"line":113,"column":49}},"113":{"start":{"line":114,"column":0},"end":{"line":114,"column":10}},"114":{"start":{"line":115,"column":0},"end":{"line":115,"column":60}},"116":{"start":{"line":117,"column":0},"end":{"line":117,"column":85}},"117":{"start":{"line":118,"column":0},"end":{"line":118,"column":12}},"118":{"start":{"line":119,"column":0},"end":{"line":119,"column":12}},"120":{"start":{"line":121,"column":0},"end":{"line":121,"column":39}},"121":{"start":{"line":122,"column":0},"end":{"line":122,"column":12}},"122":{"start":{"line":123,"column":0},"end":{"line":123,"column":48}},"123":{"start":{"line":124,"column":0},"end":{"line":124,"column":58}},"124":{"start":{"line":125,"column":0},"end":{"line":125,"column":94}},"125":{"start":{"line":126,"column":0},"end":{"line":126,"column":16}},"126":{"start":{"line":127,"column":0},"end":{"line":127,"column":17}},"127":{"start":{"line":128,"column":0},"end":{"line":128,"column":25}},"128":{"start":{"line":129,"column":0},"end":{"line":129,"column":30}},"129":{"start":{"line":130,"column":0},"end":{"line":130,"column":33}},"130":{"start":{"line":131,"column":0},"end":{"line":131,"column":41}},"132":{"start":{"line":133,"column":0},"end":{"line":133,"column":76}},"133":{"start":{"line":134,"column":0},"end":{"line":134,"column":19}},"134":{"start":{"line":135,"column":0},"end":{"line":135,"column":13}},"135":{"start":{"line":136,"column":0},"end":{"line":136,"column":12}},"136":{"start":{"line":137,"column":0},"end":{"line":137,"column":48}},"137":{"start":{"line":138,"column":0},"end":{"line":138,"column":64}},"138":{"start":{"line":139,"column":0},"end":{"line":139,"column":18}},"139":{"start":{"line":140,"column":0},"end":{"line":140,"column":30}},"140":{"start":{"line":141,"column":0},"end":{"line":141,"column":73}},"141":{"start":{"line":142,"column":0},"end":{"line":142,"column":80}},"142":{"start":{"line":143,"column":0},"end":{"line":143,"column":19}},"143":{"start":{"line":144,"column":0},"end":{"line":144,"column":16}},"144":{"start":{"line":145,"column":0},"end":{"line":145,"column":17}},"145":{"start":{"line":146,"column":0},"end":{"line":146,"column":25}},"146":{"start":{"line":147,"column":0},"end":{"line":147,"column":45}},"147":{"start":{"line":148,"column":0},"end":{"line":148,"column":38}},"148":{"start":{"line":149,"column":0},"end":{"line":149,"column":61}},"149":{"start":{"line":150,"column":0},"end":{"line":150,"column":11}},"151":{"start":{"line":152,"column":0},"end":{"line":152,"column":19}},"152":{"start":{"line":153,"column":0},"end":{"line":153,"column":13}},"153":{"start":{"line":154,"column":0},"end":{"line":154,"column":11}},"155":{"start":{"line":156,"column":0},"end":{"line":156,"column":90}},"156":{"start":{"line":157,"column":0},"end":{"line":157,"column":24}},"157":{"start":{"line":158,"column":0},"end":{"line":158,"column":27}},"158":{"start":{"line":159,"column":0},"end":{"line":159,"column":65}},"159":{"start":{"line":160,"column":0},"end":{"line":160,"column":61}},"160":{"start":{"line":161,"column":0},"end":{"line":161,"column":88}},"161":{"start":{"line":162,"column":0},"end":{"line":162,"column":10}},"163":{"start":{"line":164,"column":0},"end":{"line":164,"column":17}},"164":{"start":{"line":165,"column":0},"end":{"line":165,"column":33}},"165":{"start":{"line":166,"column":0},"end":{"line":166,"column":52}},"166":{"start":{"line":167,"column":0},"end":{"line":167,"column":18}},"167":{"start":{"line":168,"column":0},"end":{"line":168,"column":26}},"168":{"start":{"line":169,"column":0},"end":{"line":169,"column":71}},"169":{"start":{"line":170,"column":0},"end":{"line":170,"column":24}},"170":{"start":{"line":171,"column":0},"end":{"line":171,"column":22}},"171":{"start":{"line":172,"column":0},"end":{"line":172,"column":14}},"173":{"start":{"line":174,"column":0},"end":{"line":174,"column":22}},"174":{"start":{"line":175,"column":0},"end":{"line":175,"column":36}},"175":{"start":{"line":176,"column":0},"end":{"line":176,"column":96}},"176":{"start":{"line":177,"column":0},"end":{"line":177,"column":42}},"177":{"start":{"line":178,"column":0},"end":{"line":178,"column":78}},"178":{"start":{"line":179,"column":0},"end":{"line":179,"column":26}},"179":{"start":{"line":180,"column":0},"end":{"line":180,"column":23}},"180":{"start":{"line":181,"column":0},"end":{"line":181,"column":91}},"181":{"start":{"line":182,"column":0},"end":{"line":182,"column":49}},"182":{"start":{"line":183,"column":0},"end":{"line":183,"column":25}},"183":{"start":{"line":184,"column":0},"end":{"line":184,"column":20}},"184":{"start":{"line":185,"column":0},"end":{"line":185,"column":18}},"186":{"start":{"line":187,"column":0},"end":{"line":187,"column":14}},"188":{"start":{"line":189,"column":0},"end":{"line":189,"column":14}},"190":{"start":{"line":191,"column":0},"end":{"line":191,"column":2}}},"s":{"0":1,"19":1,"20":6,"21":6,"22":6,"23":6,"24":6,"25":6,"27":1,"28":34,"29":34,"30":34,"31":34,"32":34,"33":34,"34":34,"35":34,"36":34,"37":34,"39":34,"42":34,"43":34,"45":34,"46":9,"47":9,"48":9,"49":9,"50":9,"51":9,"52":5,"53":5,"54":9,"55":9,"56":9,"57":9,"59":34,"60":1,"61":1,"62":1,"63":1,"64":1,"65":1,"66":1,"67":1,"68":1,"69":1,"70":1,"71":1,"72":1,"73":0,"74":1,"75":1,"76":1,"77":1,"79":34,"80":1,"81":1,"82":1,"83":1,"84":1,"85":0,"86":0,"87":1,"89":34,"90":34,"91":34,"92":34,"93":34,"94":34,"96":34,"99":34,"101":34,"102":34,"104":34,"105":34,"106":34,"107":34,"108":34,"109":34,"110":34,"111":34,"112":34,"113":34,"114":34,"116":34,"117":34,"118":34,"120":34,"121":34,"122":34,"123":34,"124":34,"125":34,"126":34,"127":34,"128":34,"129":34,"130":34,"132":34,"133":34,"134":34,"135":34,"136":34,"137":34,"138":34,"139":34,"140":6,"141":28,"142":34,"143":34,"144":34,"145":34,"146":34,"147":34,"148":34,"149":34,"151":34,"152":34,"153":34,"155":34,"156":34,"157":2,"158":1,"159":1,"160":32,"161":34,"163":34,"164":6,"165":6,"166":6,"167":6,"168":6,"169":6,"170":6,"171":6,"173":6,"174":4,"175":4,"176":4,"177":4,"178":4,"179":4,"180":4,"181":4,"182":4,"183":4,"184":4,"186":6,"188":34,"190":34},"branchMap":{"0":{"type":"branch","line":20,"loc":{"start":{"line":20,"column":7},"end":{"line":26,"column":1}},"locations":[{"start":{"line":20,"column":7},"end":{"line":26,"column":1}}]},"1":{"type":"branch","line":25,"loc":{"start":{"line":25,"column":9},"end":{"line":25,"column":22}},"locations":[{"start":{"line":25,"column":9},"end":{"line":25,"column":22}}]},"2":{"type":"branch","line":23,"loc":{"start":{"line":23,"column":9},"end":{"line":23,"column":24}},"locations":[{"start":{"line":23,"column":9},"end":{"line":23,"column":24}}]},"3":{"type":"branch","line":24,"loc":{"start":{"line":24,"column":10},"end":{"line":24,"column":50}},"locations":[{"start":{"line":24,"column":10},"end":{"line":24,"column":50}}]},"4":{"type":"branch","line":28,"loc":{"start":{"line":28,"column":63},"end":{"line":191,"column":2}},"locations":[{"start":{"line":28,"column":63},"end":{"line":191,"column":2}}]},"5":{"type":"branch","line":40,"loc":{"start":{"line":40,"column":27},"end":{"line":40,"column":43}},"locations":[{"start":{"line":40,"column":27},"end":{"line":40,"column":43}}]},"6":{"type":"branch","line":43,"loc":{"start":{"line":43,"column":18},"end":{"line":43,"column":49}},"locations":[{"start":{"line":43,"column":18},"end":{"line":43,"column":49}}]},"7":{"type":"branch","line":44,"loc":{"start":{"line":44,"column":17},"end":{"line":44,"column":55}},"locations":[{"start":{"line":44,"column":17},"end":{"line":44,"column":55}}]},"8":{"type":"branch","line":44,"loc":{"start":{"line":44,"column":51},"end":{"line":44,"column":60}},"locations":[{"start":{"line":44,"column":51},"end":{"line":44,"column":60}}]},"9":{"type":"branch","line":94,"loc":{"start":{"line":94,"column":9},"end":{"line":94,"column":77}},"locations":[{"start":{"line":94,"column":9},"end":{"line":94,"column":77}}]},"10":{"type":"branch","line":131,"loc":{"start":{"line":131,"column":22},"end":{"line":131,"column":41}},"locations":[{"start":{"line":131,"column":22},"end":{"line":131,"column":41}}]},"11":{"type":"branch","line":133,"loc":{"start":{"line":133,"column":13},"end":{"line":133,"column":36}},"locations":[{"start":{"line":133,"column":13},"end":{"line":133,"column":36}}]},"12":{"type":"branch","line":133,"loc":{"start":{"line":133,"column":21},"end":{"line":133,"column":76}},"locations":[{"start":{"line":133,"column":21},"end":{"line":133,"column":76}}]},"13":{"type":"branch","line":133,"loc":{"start":{"line":133,"column":36},"end":{"line":133,"column":63}},"locations":[{"start":{"line":133,"column":36},"end":{"line":133,"column":63}}]},"14":{"type":"branch","line":133,"loc":{"start":{"line":133,"column":44},"end":{"line":133,"column":76}},"locations":[{"start":{"line":133,"column":44},"end":{"line":133,"column":76}}]},"15":{"type":"branch","line":140,"loc":{"start":{"line":140,"column":22},"end":{"line":141,"column":73}},"locations":[{"start":{"line":140,"column":22},"end":{"line":141,"column":73}}]},"16":{"type":"branch","line":141,"loc":{"start":{"line":141,"column":18},"end":{"line":142,"column":80}},"locations":[{"start":{"line":141,"column":18},"end":{"line":142,"column":80}}]},"17":{"type":"branch","line":149,"loc":{"start":{"line":149,"column":22},"end":{"line":149,"column":40}},"locations":[{"start":{"line":149,"column":22},"end":{"line":149,"column":40}}]},"18":{"type":"branch","line":149,"loc":{"start":{"line":149,"column":31},"end":{"line":149,"column":61}},"locations":[{"start":{"line":149,"column":31},"end":{"line":149,"column":61}}]},"19":{"type":"branch","line":156,"loc":{"start":{"line":156,"column":40},"end":{"line":156,"column":71}},"locations":[{"start":{"line":156,"column":40},"end":{"line":156,"column":71}}]},"20":{"type":"branch","line":156,"loc":{"start":{"line":156,"column":58},"end":{"line":156,"column":86}},"locations":[{"start":{"line":156,"column":58},"end":{"line":156,"column":86}}]},"21":{"type":"branch","line":157,"loc":{"start":{"line":157,"column":9},"end":{"line":160,"column":61}},"locations":[{"start":{"line":157,"column":9},"end":{"line":160,"column":61}}]},"22":{"type":"branch","line":158,"loc":{"start":{"line":158,"column":19},"end":{"line":159,"column":65}},"locations":[{"start":{"line":158,"column":19},"end":{"line":159,"column":65}}]},"23":{"type":"branch","line":159,"loc":{"start":{"line":159,"column":14},"end":{"line":160,"column":61}},"locations":[{"start":{"line":159,"column":14},"end":{"line":160,"column":61}}]},"24":{"type":"branch","line":160,"loc":{"start":{"line":160,"column":14},"end":{"line":161,"column":88}},"locations":[{"start":{"line":160,"column":14},"end":{"line":161,"column":88}}]},"25":{"type":"branch","line":164,"loc":{"start":{"line":164,"column":7},"end":{"line":187,"column":14}},"locations":[{"start":{"line":164,"column":7},"end":{"line":187,"column":14}}]},"26":{"type":"branch","line":174,"loc":{"start":{"line":174,"column":11},"end":{"line":185,"column":18}},"locations":[{"start":{"line":174,"column":11},"end":{"line":185,"column":18}}]},"27":{"type":"branch","line":182,"loc":{"start":{"line":182,"column":19},"end":{"line":182,"column":40}},"locations":[{"start":{"line":182,"column":19},"end":{"line":182,"column":40}}]},"28":{"type":"branch","line":182,"loc":{"start":{"line":182,"column":28},"end":{"line":182,"column":49}},"locations":[{"start":{"line":182,"column":28},"end":{"line":182,"column":49}}]},"29":{"type":"branch","line":46,"loc":{"start":{"line":46,"column":22},"end":{"line":58,"column":4}},"locations":[{"start":{"line":46,"column":22},"end":{"line":58,"column":4}}]},"30":{"type":"branch","line":51,"loc":{"start":{"line":51,"column":53},"end":{"line":52,"column":13}},"locations":[{"start":{"line":51,"column":53},"end":{"line":52,"column":13}}]},"31":{"type":"branch","line":52,"loc":{"start":{"line":52,"column":4},"end":{"line":55,"column":6}},"locations":[{"start":{"line":52,"column":4},"end":{"line":55,"column":6}}]},"32":{"type":"branch","line":60,"loc":{"start":{"line":60,"column":27},"end":{"line":78,"column":4}},"locations":[{"start":{"line":60,"column":27},"end":{"line":78,"column":4}}]},"33":{"type":"branch","line":61,"loc":{"start":{"line":61,"column":16},"end":{"line":61,"column":23}},"locations":[{"start":{"line":61,"column":16},"end":{"line":61,"column":23}}]},"34":{"type":"branch","line":69,"loc":{"start":{"line":69,"column":17},"end":{"line":69,"column":39}},"locations":[{"start":{"line":69,"column":17},"end":{"line":69,"column":39}}]},"35":{"type":"branch","line":70,"loc":{"start":{"line":70,"column":17},"end":{"line":70,"column":42}},"locations":[{"start":{"line":70,"column":17},"end":{"line":70,"column":42}}]},"36":{"type":"branch","line":73,"loc":{"start":{"line":73,"column":4},"end":{"line":75,"column":6}},"locations":[{"start":{"line":73,"column":4},"end":{"line":75,"column":6}}]},"37":{"type":"branch","line":80,"loc":{"start":{"line":80,"column":21},"end":{"line":88,"column":4}},"locations":[{"start":{"line":80,"column":21},"end":{"line":88,"column":4}}]},"38":{"type":"branch","line":81,"loc":{"start":{"line":81,"column":17},"end":{"line":81,"column":24}},"locations":[{"start":{"line":81,"column":17},"end":{"line":81,"column":24}}]},"39":{"type":"branch","line":85,"loc":{"start":{"line":85,"column":4},"end":{"line":87,"column":5}},"locations":[{"start":{"line":85,"column":4},"end":{"line":87,"column":5}}]},"40":{"type":"branch","line":111,"loc":{"start":{"line":111,"column":20},"end":{"line":111,"column":61}},"locations":[{"start":{"line":111,"column":20},"end":{"line":111,"column":61}}]},"41":{"type":"branch","line":169,"loc":{"start":{"line":169,"column":22},"end":{"line":169,"column":70}},"locations":[{"start":{"line":169,"column":22},"end":{"line":169,"column":70}}]}},"b":{"0":[6],"1":[2],"2":[8],"3":[8],"4":[34],"5":[0],"6":[31],"7":[6],"8":[28],"9":[2],"10":[24],"11":[6],"12":[28],"13":[6],"14":[22],"15":[6],"16":[28],"17":[24],"18":[5],"19":[2],"20":[32],"21":[2],"22":[1],"23":[1],"24":[32],"25":[6],"26":[4],"27":[1],"28":[3],"29":[9],"30":[4],"31":[5],"32":[1],"33":[0],"34":[0],"35":[0],"36":[0],"37":[1],"38":[0],"39":[0],"40":[9],"41":[8]},"fnMap":{"0":{"name":"extractRemedyCommand","decl":{"start":{"line":20,"column":7},"end":{"line":26,"column":1}},"loc":{"start":{"line":20,"column":7},"end":{"line":26,"column":1}},"line":20},"1":{"name":"CredentialPanel","decl":{"start":{"line":28,"column":63},"end":{"line":191,"column":2}},"loc":{"start":{"line":28,"column":63},"end":{"line":191,"column":2}},"line":28},"2":{"name":"handleLogin","decl":{"start":{"line":46,"column":22},"end":{"line":58,"column":4}},"loc":{"start":{"line":46,"column":22},"end":{"line":58,"column":4}},"line":46},"3":{"name":"handleRequestKey","decl":{"start":{"line":60,"column":27},"end":{"line":78,"column":4}},"loc":{"start":{"line":60,"column":27},"end":{"line":78,"column":4}},"line":60},"4":{"name":"handleCopy","decl":{"start":{"line":80,"column":21},"end":{"line":88,"column":4}},"loc":{"start":{"line":80,"column":21},"end":{"line":88,"column":4}},"line":80},"5":{"name":"onChange","decl":{"start":{"line":111,"column":20},"end":{"line":111,"column":61}},"loc":{"start":{"line":111,"column":20},"end":{"line":111,"column":61}},"line":111}},"f":{"0":6,"1":34,"2":9,"3":1,"4":1,"5":9}}
,"/home/vic/Escritorio/Proyectos/sigil-flash/src/components/DeviceSelector.tsx": {"path":"/home/vic/Escritorio/Proyectos/sigil-flash/src/components/DeviceSelector.tsx","all":false,"statementMap":{"0":{"start":{"line":1,"column":0},"end":{"line":1,"column":64}},"9":{"start":{"line":10,"column":0},"end":{"line":10,"column":63}},"10":{"start":{"line":11,"column":0},"end":{"line":11,"column":19}},"11":{"start":{"line":12,"column":0},"end":{"line":12,"column":17}},"12":{"start":{"line":13,"column":0},"end":{"line":13,"column":7}},"13":{"start":{"line":14,"column":0},"end":{"line":14,"column":55}},"14":{"start":{"line":15,"column":0},"end":{"line":15,"column":48}},"15":{"start":{"line":16,"column":0},"end":{"line":16,"column":58}},"17":{"start":{"line":18,"column":0},"end":{"line":18,"column":48}},"18":{"start":{"line":19,"column":0},"end":{"line":19,"column":21}},"19":{"start":{"line":20,"column":0},"end":{"line":20,"column":9}},"20":{"start":{"line":21,"column":0},"end":{"line":21,"column":43}},"21":{"start":{"line":22,"column":0},"end":{"line":22,"column":24}},"22":{"start":{"line":23,"column":0},"end":{"line":23,"column":21}},"24":{"start":{"line":25,"column":0},"end":{"line":25,"column":81}},"25":{"start":{"line":26,"column":0},"end":{"line":26,"column":31}},"26":{"start":{"line":27,"column":0},"end":{"line":27,"column":7}},"27":{"start":{"line":28,"column":0},"end":{"line":28,"column":19}},"28":{"start":{"line":29,"column":0},"end":{"line":29,"column":28}},"29":{"start":{"line":30,"column":0},"end":{"line":30,"column":15}},"30":{"start":{"line":31,"column":0},"end":{"line":31,"column":24}},"31":{"start":{"line":32,"column":0},"end":{"line":32,"column":5}},"32":{"start":{"line":33,"column":0},"end":{"line":33,"column":41}},"34":{"start":{"line":35,"column":0},"end":{"line":35,"column":19}},"35":{"start":{"line":36,"column":0},"end":{"line":36,"column":19}},"36":{"start":{"line":37,"column":0},"end":{"line":37,"column":53}},"37":{"start":{"line":38,"column":0},"end":{"line":38,"column":41}},"40":{"start":{"line":41,"column":0},"end":{"line":41,"column":9}},"42":{"start":{"line":43,"column":0},"end":{"line":43,"column":10}},"43":{"start":{"line":44,"column":0},"end":{"line":44,"column":31}},"44":{"start":{"line":45,"column":0},"end":{"line":45,"column":34}},"45":{"start":{"line":46,"column":0},"end":{"line":46,"column":60}},"46":{"start":{"line":47,"column":0},"end":{"line":47,"column":104}},"47":{"start":{"line":48,"column":0},"end":{"line":48,"column":47}},"48":{"start":{"line":49,"column":0},"end":{"line":49,"column":17}},"49":{"start":{"line":50,"column":0},"end":{"line":50,"column":12}},"51":{"start":{"line":52,"column":0},"end":{"line":52,"column":32}},"54":{"start":{"line":55,"column":0},"end":{"line":55,"column":10}},"56":{"start":{"line":57,"column":0},"end":{"line":57,"column":17}},"57":{"start":{"line":58,"column":0},"end":{"line":58,"column":50}},"58":{"start":{"line":59,"column":0},"end":{"line":59,"column":17}},"59":{"start":{"line":60,"column":0},"end":{"line":60,"column":12}},"62":{"start":{"line":63,"column":0},"end":{"line":63,"column":31}},"63":{"start":{"line":64,"column":0},"end":{"line":64,"column":37}},"64":{"start":{"line":65,"column":0},"end":{"line":65,"column":56}},"65":{"start":{"line":66,"column":0},"end":{"line":66,"column":89}},"66":{"start":{"line":67,"column":0},"end":{"line":67,"column":14}},"68":{"start":{"line":69,"column":0},"end":{"line":69,"column":42}},"69":{"start":{"line":70,"column":0},"end":{"line":70,"column":85}},"70":{"start":{"line":71,"column":0},"end":{"line":71,"column":36}},"71":{"start":{"line":72,"column":0},"end":{"line":72,"column":47}},"72":{"start":{"line":73,"column":0},"end":{"line":73,"column":65}},"73":{"start":{"line":74,"column":0},"end":{"line":74,"column":20}},"74":{"start":{"line":75,"column":0},"end":{"line":75,"column":101}},"75":{"start":{"line":76,"column":0},"end":{"line":76,"column":22}},"76":{"start":{"line":77,"column":0},"end":{"line":77,"column":25}},"77":{"start":{"line":78,"column":0},"end":{"line":78,"column":30}},"78":{"start":{"line":79,"column":0},"end":{"line":79,"column":38}},"79":{"start":{"line":80,"column":0},"end":{"line":80,"column":37}},"80":{"start":{"line":81,"column":0},"end":{"line":81,"column":35}},"81":{"start":{"line":82,"column":0},"end":{"line":82,"column":59}},"82":{"start":{"line":83,"column":0},"end":{"line":83,"column":18}},"83":{"start":{"line":84,"column":0},"end":{"line":84,"column":36}},"84":{"start":{"line":85,"column":0},"end":{"line":85,"column":70}},"85":{"start":{"line":86,"column":0},"end":{"line":86,"column":48}},"86":{"start":{"line":87,"column":0},"end":{"line":87,"column":46}},"87":{"start":{"line":88,"column":0},"end":{"line":88,"column":46}},"88":{"start":{"line":89,"column":0},"end":{"line":89,"column":95}},"89":{"start":{"line":90,"column":0},"end":{"line":90,"column":25}},"90":{"start":{"line":91,"column":0},"end":{"line":91,"column":24}},"91":{"start":{"line":92,"column":0},"end":{"line":92,"column":20}},"93":{"start":{"line":94,"column":0},"end":{"line":94,"column":13}},"94":{"start":{"line":95,"column":0},"end":{"line":95,"column":19}},"97":{"start":{"line":98,"column":0},"end":{"line":98,"column":26}},"98":{"start":{"line":99,"column":0},"end":{"line":99,"column":36}},"99":{"start":{"line":100,"column":0},"end":{"line":100,"column":89}},"100":{"start":{"line":101,"column":0},"end":{"line":101,"column":12}},"102":{"start":{"line":103,"column":0},"end":{"line":103,"column":14}},"104":{"start":{"line":105,"column":0},"end":{"line":105,"column":2}}},"s":{"0":1,"9":1,"10":0,"11":0,"12":0,"13":0,"14":0,"15":0,"17":0,"18":0,"19":0,"20":0,"21":0,"22":0,"24":0,"25":0,"26":0,"27":0,"28":0,"29":0,"30":0,"31":0,"32":0,"34":0,"35":0,"36":0,"37":0,"40":0,"42":0,"43":0,"44":0,"45":0,"46":0,"47":0,"48":0,"49":0,"51":0,"54":0,"56":0,"57":0,"58":0,"59":0,"62":0,"63":0,"64":0,"65":0,"66":0,"68":0,"69":0,"70":0,"71":0,"72":0,"73":0,"74":0,"75":0,"76":0,"77":0,"78":0,"79":0,"80":0,"81":0,"82":0,"83":0,"84":0,"85":0,"86":0,"87":0,"88":0,"89":0,"90":0,"91":0,"93":0,"94":0,"97":0,"98":0,"99":0,"100":0,"102":0,"104":0},"branchMap":{},"b":{},"fnMap":{"0":{"name":"DeviceSelector","decl":{"start":{"line":10,"column":61},"end":{"line":105,"column":2}},"loc":{"start":{"line":10,"column":61},"end":{"line":105,"column":2}},"line":10}},"f":{"0":0}}
,"/home/vic/Escritorio/Proyectos/sigil-flash/src/components/FlashProgressView.tsx": {"path":"/home/vic/Escritorio/Proyectos/sigil-flash/src/components/FlashProgressView.tsx","all":false,"statementMap":{"0":{"start":{"line":1,"column":0},"end":{"line":1,"column":26}},"10":{"start":{"line":11,"column":0},"end":{"line":11,"column":63}},"11":{"start":{"line":12,"column":0},"end":{"line":12,"column":20}},"12":{"start":{"line":13,"column":0},"end":{"line":13,"column":25}},"13":{"start":{"line":14,"column":0},"end":{"line":14,"column":40}},"14":{"start":{"line":15,"column":0},"end":{"line":15,"column":21}},"15":{"start":{"line":16,"column":0},"end":{"line":16,"column":17}},"16":{"start":{"line":17,"column":0},"end":{"line":17,"column":25}},"17":{"start":{"line":18,"column":0},"end":{"line":18,"column":2}},"19":{"start":{"line":20,"column":0},"end":{"line":20,"column":96}},"20":{"start":{"line":21,"column":0},"end":{"line":21,"column":48}},"21":{"start":{"line":22,"column":0},"end":{"line":22,"column":16}},"22":{"start":{"line":23,"column":0},"end":{"line":23,"column":3}},"24":{"start":{"line":25,"column":0},"end":{"line":25,"column":74}},"25":{"start":{"line":26,"column":0},"end":{"line":26,"column":85}},"26":{"start":{"line":27,"column":0},"end":{"line":27,"column":81}},"28":{"start":{"line":29,"column":0},"end":{"line":29,"column":10}},"29":{"start":{"line":30,"column":0},"end":{"line":30,"column":76}},"30":{"start":{"line":31,"column":0},"end":{"line":31,"column":34}},"31":{"start":{"line":32,"column":0},"end":{"line":32,"column":61}},"32":{"start":{"line":33,"column":0},"end":{"line":33,"column":95}},"33":{"start":{"line":34,"column":0},"end":{"line":34,"column":12}},"35":{"start":{"line":36,"column":0},"end":{"line":36,"column":39}},"36":{"start":{"line":37,"column":0},"end":{"line":37,"column":59}},"37":{"start":{"line":38,"column":0},"end":{"line":38,"column":56}},"38":{"start":{"line":39,"column":0},"end":{"line":39,"column":12}},"40":{"start":{"line":41,"column":0},"end":{"line":41,"column":10}},"41":{"start":{"line":42,"column":0},"end":{"line":42,"column":34}},"42":{"start":{"line":43,"column":0},"end":{"line":43,"column":26}},"43":{"start":{"line":44,"column":0},"end":{"line":44,"column":47}},"44":{"start":{"line":45,"column":0},"end":{"line":45,"column":31}},"45":{"start":{"line":46,"column":0},"end":{"line":46,"column":25}},"46":{"start":{"line":47,"column":0},"end":{"line":47,"column":27}},"48":{"start":{"line":49,"column":0},"end":{"line":49,"column":74}},"49":{"start":{"line":50,"column":0},"end":{"line":50,"column":12}},"51":{"start":{"line":52,"column":0},"end":{"line":52,"column":18}},"52":{"start":{"line":53,"column":0},"end":{"line":53,"column":67}},"53":{"start":{"line":54,"column":0},"end":{"line":54,"column":28}},"54":{"start":{"line":55,"column":0},"end":{"line":55,"column":12}},"56":{"start":{"line":57,"column":0},"end":{"line":57,"column":54}},"57":{"start":{"line":58,"column":0},"end":{"line":58,"column":28}},"58":{"start":{"line":59,"column":0},"end":{"line":59,"column":12}},"61":{"start":{"line":62,"column":0},"end":{"line":62,"column":39}},"62":{"start":{"line":63,"column":0},"end":{"line":63,"column":13}},"63":{"start":{"line":64,"column":0},"end":{"line":64,"column":26}},"64":{"start":{"line":65,"column":0},"end":{"line":65,"column":14}},"65":{"start":{"line":66,"column":0},"end":{"line":66,"column":49}},"66":{"start":{"line":67,"column":0},"end":{"line":67,"column":42}},"67":{"start":{"line":68,"column":0},"end":{"line":68,"column":90}},"69":{"start":{"line":70,"column":0},"end":{"line":70,"column":15}},"70":{"start":{"line":71,"column":0},"end":{"line":71,"column":14}},"71":{"start":{"line":72,"column":0},"end":{"line":72,"column":13}},"72":{"start":{"line":73,"column":0},"end":{"line":73,"column":28}},"73":{"start":{"line":74,"column":0},"end":{"line":74,"column":53}},"74":{"start":{"line":75,"column":0},"end":{"line":75,"column":14}},"75":{"start":{"line":76,"column":0},"end":{"line":76,"column":13}},"76":{"start":{"line":77,"column":0},"end":{"line":77,"column":34}},"77":{"start":{"line":78,"column":0},"end":{"line":78,"column":57}},"78":{"start":{"line":79,"column":0},"end":{"line":79,"column":14}},"79":{"start":{"line":80,"column":0},"end":{"line":80,"column":11}},"81":{"start":{"line":82,"column":0},"end":{"line":82,"column":21}},"82":{"start":{"line":83,"column":0},"end":{"line":83,"column":42}},"83":{"start":{"line":84,"column":0},"end":{"line":84,"column":30}},"85":{"start":{"line":86,"column":0},"end":{"line":86,"column":14}},"86":{"start":{"line":87,"column":0},"end":{"line":87,"column":84}},"88":{"start":{"line":89,"column":0},"end":{"line":89,"column":19}},"89":{"start":{"line":90,"column":0},"end":{"line":90,"column":14}},"91":{"start":{"line":92,"column":0},"end":{"line":92,"column":14}},"93":{"start":{"line":94,"column":0},"end":{"line":94,"column":2}}},"s":{"0":1,"10":1,"11":1,"12":1,"13":1,"14":1,"15":1,"16":1,"17":1,"19":1,"20":10,"21":1,"22":1,"24":9,"25":10,"26":10,"28":10,"29":10,"30":10,"31":10,"32":10,"33":10,"35":10,"36":10,"37":10,"38":10,"40":10,"41":10,"42":10,"43":10,"44":10,"45":10,"46":10,"48":10,"49":10,"51":10,"52":1,"53":1,"54":1,"56":8,"57":8,"58":8,"61":10,"62":10,"63":10,"64":10,"65":10,"66":10,"67":9,"69":10,"70":10,"71":10,"72":10,"73":10,"74":10,"75":10,"76":10,"77":10,"78":10,"79":10,"81":10,"82":6,"83":6,"85":6,"86":6,"88":6,"89":6,"91":10,"93":10},"branchMap":{"0":{"type":"branch","line":20,"loc":{"start":{"line":20,"column":67},"end":{"line":94,"column":2}},"locations":[{"start":{"line":20,"column":67},"end":{"line":94,"column":2}}]},"1":{"type":"branch","line":21,"loc":{"start":{"line":21,"column":47},"end":{"line":23,"column":3}},"locations":[{"start":{"line":21,"column":47},"end":{"line":23,"column":3}}]},"2":{"type":"branch","line":23,"loc":{"start":{"line":23,"column":2},"end":{"line":26,"column":53}},"locations":[{"start":{"line":23,"column":2},"end":{"line":26,"column":53}}]},"3":{"type":"branch","line":26,"loc":{"start":{"line":26,"column":40},"end":{"line":26,"column":85}},"locations":[{"start":{"line":26,"column":40},"end":{"line":26,"column":85}}]},"4":{"type":"branch","line":27,"loc":{"start":{"line":27,"column":38},"end":{"line":27,"column":81}},"locations":[{"start":{"line":27,"column":38},"end":{"line":27,"column":81}}]},"5":{"type":"branch","line":52,"loc":{"start":{"line":52,"column":7},"end":{"lin
[...]
umn":0},"end":{"line":144,"column":64}},"144":{"start":{"line":145,"column":0},"end":{"line":145,"column":3}},"146":{"start":{"line":147,"column":0},"end":{"line":147,"column":80}},"147":{"start":{"line":148,"column":0},"end":{"line":148,"column":68}},"148":{"start":{"line":149,"column":0},"end":{"line":149,"column":3}},"150":{"start":{"line":151,"column":0},"end":{"line":151,"column":59}},"152":{"start":{"line":153,"column":0},"end":{"line":153,"column":66}},"154":{"start":{"line":155,"column":0},"end":{"line":155,"column":16}},"155":{"start":{"line":156,"column":0},"end":{"line":156,"column":1}}},"s":{"8":1,"11":1,"12":1,"13":1,"14":1,"15":1,"16":1,"17":1,"18":1,"19":1,"21":1,"22":43,"23":2,"24":2,"25":43,"26":4,"27":4,"28":43,"29":2,"30":2,"31":35,"32":35,"34":1,"35":11,"36":3,"37":3,"38":11,"39":2,"40":2,"41":11,"42":1,"43":1,"45":5,"46":11,"47":2,"48":2,"49":11,"50":1,"51":1,"52":11,"53":1,"54":1,"55":1,"56":1,"58":1,"59":9,"60":2,"61":2,"62":9,"63":3,"64":3,"65":4,"66":4,"68":1,"69":29,"70":2,"71":2,"72":29,"73":3,"74":3,"75":24,"76":24,"82":1,"83":8,"84":8,"85":8,"86":8,"87":4,"88":4,"90":1,"91":41,"92":41,"94":41,"95":41,"96":41,"98":41,"99":1,"100":1,"101":41,"102":2,"103":2,"104":1,"105":1,"107":1,"108":37,"109":2,"110":2,"112":1,"113":24,"114":24,"115":88,"116":88,"118":24,"120":24,"121":1,"122":1,"124":24,"125":10,"126":15,"127":14,"128":14,"130":24,"131":2,"132":1,"133":1,"134":1,"135":1,"136":24,"137":0,"138":0,"140":24,"142":24,"143":0,"144":0,"146":24,"147":1,"148":1,"150":24,"152":24,"154":24,"155":24},"branchMap":{"0":{"type":"branch","line":22,"loc":{"start":{"line":22,"column":7},"end":{"line":33,"column":1}},"locations":[{"start":{"line":22,"column":7},"end":{"line":33,"column":1}}]},"1":{"type":"branch","line":23,"loc":{"start":{"line":23,"column":24},"end":{"line":23,"column":51}},"locations":[{"start":{"line":23,"column":24},"end":{"line":23,"column":51}}]},"2":{"type":"branch","line":23,"loc":{"start":{"line":23,"column":51},"end":{"line":25,"column":3}},"locations":[{"start":{"line":23,"column":51},"end":{"line":25,"column":3}}]},"3":{"type":"branch","line":25,"loc":{"start":{"line":25,"column":2},"end":{"line":26,"column":34}},"locations":[{"start":{"line":25,"column":2},"end":{"line":26,"column":34}}]},"4":{"type":"branch","line":26,"loc":{"start":{"line":26,"column":29},"end":{"line":26,"column":58}},"locations":[{"start":{"line":26,"column":29},"end":{"line":26,"column":58}}]},"5":{"type":"branch","line":26,"loc":{"start":{"line":26,"column":58},"end":{"line":28,"column":3}},"locations":[{"start":{"line":26,"column":58},"end":{"line":28,"column":3}}]},"6":{"type":"branch","line":28,"loc":{"start":{"line":28,"column":2},"end":{"line":29,"column":41}},"locations":[{"start":{"line":28,"column":2},"end":{"line":29,"column":41}}]},"7":{"type":"branch","line":29,"loc":{"start":{"line":29,"column":41},"end":{"line":31,"column":3}},"locations":[{"start":{"line":29,"column":41},"end":{"line":31,"column":3}}]},"8":{"type":"branch","line":31,"loc":{"start":{"line":31,"column":2},"end":{"line":33,"column":1}},"locations":[{"start":{"line":31,"column":2},"end":{"line":33,"column":1}}]},"9":{"type":"branch","line":35,"loc":{"start":{"line":35,"column":7},"end":{"line":57,"column":1}},"locations":[{"start":{"line":35,"column":7},"end":{"line":57,"column":1}}]},"10":{"type":"branch","line":36,"loc":{"start":{"line":36,"column":22},"end":{"line":38,"column":3}},"locations":[{"start":{"line":36,"column":22},"end":{"line":38,"column":3}}]},"11":{"type":"branch","line":38,"loc":{"start":{"line":38,"column":2},"end":{"line":39,"column":24}},"locations":[{"start":{"line":38,"column":2},"end":{"line":39,"column":24}}]},"12":{"type":"branch","line":39,"loc":{"start":{"line":39,"column":19},"end":{"line":39,"column":41}},"locations":[{"start":{"line":39,"column":19},"end":{"line":39,"column":41}}]},"13":{"type":"branch","line":39,"loc":{"start":{"line":39,"column":41},"end":{"line":41,"column":3}},"locations":[{"start":{"line":39,"column":41},"end":{"line":41,"column":3}}]},"14":{"type":"branch","line":41,"loc":{"start":{"line":41,"column":2},"end":{"line":42,"column":29}},"locations":[{"start":{"line":41,"column":2},"end":{"line":42,"column":29}}]},"15":{"type":"branch","line":42,"loc":{"start":{"line":42,"column":29},"end":{"line":44,"column":3}},"locations":[{"start":{"line":42,"column":29},"end":{"line":44,"column":3}}]},"16":{"type":"branch","line":44,"loc":{"start":{"line":44,"column":2},"end":{"line":47,"column":44}},"locations":[{"start":{"line":44,"column":2},"end":{"line":47,"column":44}}]},"17":{"type":"branch","line":47,"loc":{"start":{"line":47,"column":44},"end":{"line":49,"column":3}},"locations":[{"start":{"line":47,"column":44},"end":{"line":49,"column":3}}]},"18":{"type":"branch","line":49,"loc":{"start":{"line":49,"column":2},"end":{"line":50,"column":73}},"locations":[{"start":{"line":49,"column":2},"end":{"line":50,"column":73}}]},"19":{"type":"branch","line":50,"loc":{"start":{"line":50,"column":73},"end":{"line":52,"column":3}},"locations":[{"start":{"line":50,"column":73},"end":{"line":52,"column":3}}]},"20":{"type":"branch","line":52,"loc":{"start":{"line":52,"column":2},"end":{"line":53,"column":73}},"locations":[{"start":{"line":52,"column":2},"end":{"line":53,"column":73}}]},"21":{"type":"branch","line":53,"loc":{"start":{"line":53,"column":73},"end":{"line":57,"column":1}},"locations":[{"start":{"line":53,"column":73},"end":{"line":57,"column":1}}]},"22":{"type":"branch","line":47,"loc":{"start":{"line":47,"column":19},"end":{"line":47,"column":41}},"locations":[{"start":{"line":47,"column":19},"end":{"line":47,"column":41}}]},"23":{"type":"branch","line":50,"loc":{"start":{"line":50,"column":19},"end":{"line":50,"column":70}},"locations":[{"start":{"line":50,"column":19},"end":{"line":50,"column":70}}]},"24":{"type":"branch","line":50,"loc":{"start":{"line":50,"column":35},"end":{"line":50,"column":70}},"locations":[{"start":{"line":50,"column":35},"end":{"line":50,"column":70}}]},"25":{"type":"branch","line":53,"loc":{"start":{"line":53,"column":19},"end":{"line":53,"column":70}},"locations":[{"start":{"line":53,"column":19},"end":{"line":53,"column":70}}]},"26":{"type":"branch","line":53,"loc":{"start":{"line":53,"column":35},"end":{"line":53,"column":70}},"locations":[{"start":{"line":53,"column":35},"end":{"line":53,"column":70}}]},"27":{"type":"branch","line":59,"loc":{"start":{"line":59,"column":7},"end":{"line":67,"column":1}},"locations":[{"start":{"line":59,"column":7},"end":{"line":67,"column":1}}]},"28":{"type":"branch","line":60,"loc":{"start":{"line":60,"column":24},"end":{"line":60,"column":52}},"locations":[{"start":{"line":60,"column":24},"end":{"line":60,"column":52}}]},"29":{"type":"branch","line":60,"loc":{"start":{"line":60,"column":52},"end":{"line":62,"column":3}},"locations":[{"start":{"line":60,"column":52},"end":{"line":62,"column":3}}]},"30":{"type":"branch","line":62,"loc":{"start":{"line":62,"column":2},"end":{"line":63,"column":33}},"locations":[{"start":{"line":62,"column":2},"end":{"line":63,"column":33}}]},"31":{"type":"branch","line":63,"loc":{"start":{"line":63,"column":33},"end":{"line":67,"column":1}},"locations":[{"start":{"line":63,"column":33},"end":{"line":67,"column":1}}]},"32":{"type":"branch","line":63,"loc":{"start":{"line":63,"column":33},"end":{"line":65,"column":3}},"locations":[{"start":{"line":63,"column":33},"end":{"line":65,"column":3}}]},"33":{"type":"branch","line":69,"loc":{"start":{"line":69,"column":7},"end":{"line":77,"column":1}},"locations":[{"start":{"line":69,"column":7},"end":{"line":77,"column":1}}]},"34":{"type":"branch","line":70,"loc":{"start":{"line":70,"column":22},"end":{"line":70,"column":47}},"locations":[{"start":{"line":70,"column":22},"end":{"line":70,"column":47}}]},"35":{"type":"branch","line":70,"loc":{"start":{"line":70,"column":47},"end":{"line":72,"column":3}},"locations":[{"start":{"line":70,"column":47},"end":{"line":72,"column":3}}]},"36":{"type":"branch","line":72,"loc":{"start":{"line":72,"column":2},"end":{"line":73,"column":41}},"locations":[{"start":{"line":72,"column":2},"end":{"line":73,"column":41}}]},"37":{"type":"branch","line":73,"loc":{"start":{"line":73,"column":41},"end":{"line":75,"column":3}},"locations":[{"start":{"line":73,"column":41},"end":{"line":75,"column":3}}]},"38":{"type":"branch","line":75,"loc":{"start":{"line":75,"column":2},"end":{"line":77,"column":1}},"locations":[{"start":{"line":75,"column":2},"end":{"line":77,"column":1}}]},"39":{"type":"branch","line":83,"loc":{"start":{"line":83,"column":7},"end":{"line":89,"column":1}},"locations":[{"start":{"line":83,"column":7},"end":{"line":89,"column":1}}]},"40":{"type":"branch","line":86,"loc":{"start":{"line":86,"column":26},"end":{"line":86,"column":38}},"locations":[{"start":{"line":86,"column":26},"end":{"line":86,"column":38}}]},"41":{"type":"branch","line":86,"loc":{"start":{"line":86,"column":33},"end":{"line":87,"column":59}},"locations":[{"start":{"line":86,"column":33},"end":{"line":87,"column":59}}]},"42":{"type":"branch","line":87,"loc":{"start":{"line":87,"column":52},"end":{"line":87,"column":64}},"locations":[{"start":{"line":87,"column":52},"end":{"line":87,"column":64}}]},"43":{"type":"branch","line":87,"loc":{"start":{"line":87,"column":59},"end":{"line":89,"column":1}},"locations":[{"start":{"line":87,"column":59},"end":{"line":89,"column":1}}]},"44":{"type":"branch","line":87,"loc":{"start":{"line":87,"column":19},"end":{"line":87,"column":49}},"locations":[{"start":{"line":87,"column":19},"end":{"line":87,"column":49}}]},"45":{"type":"branch","line":91,"loc":{"start":{"line":91,"column":7},"end":{"line":106,"column":1}},"locations":[{"start":{"line":91,"column":7},"end":{"line":106,"column":1}}]},"46":{"type":"branch","line":92,"loc":{"start":{"line":92,"column":20},"end":{"line":92,"column":44}},"locations":[{"start":{"line":92,"column":20},"end":{"line":92,"column":44}}]},"47":{"type":"branch","line":93,"loc":{"start":{"line":93,"column":24},"end":{"line":93,"column":56}},"locations":[{"start":{"line":93,"column":24},"end":{"line":93,"column":56}}]},"48":{"type":"branch","line":95,"loc":{"start":{"line":95,"column":7},"end":{"line":95,"column":32}},"locations":[{"start":{"line":95,"column":7},"end":{"line":95,"column":32}}]},"49":{"type":"branch","line":95,"loc":{"start":{"line":95,"column":32},"end":{"line":95,"column":44}},"locations":[{"start":{"line":95,"column":32},"end":{"line":95,"column":44}}]},"50":{"type":"branch","line":95,"loc":{"start":{"line":95,"column":39},"end":{"line":96,"column":31}},"locations":[{"start":{"line":95,"column":39},"end":{"line":96,"column":31}}]},"51":{"type":"branch","line":95,"loc":{"start":{"line":95,"column":39},"end":{"line":96,"column":17}},"locations":[{"start":{"line":95,"column":39},"end":{"line":96,"column":17}}]},"52":{"type":"branch","line":96,"loc":{"start":{"line":96,"column":6},"end":{"line":96,"column":31}},"locations":[{"start":{"line":96,"column":6},"end":{"line":96,"column":31}}]},"53":{"type":"branch","line":96,"loc":{"start":{"line":96,"column":31},"end":{"line":97,"column":31}},"locations":[{"start":{"line":96,"column":31},"end":{"line":97,"column":31}}]},"54":{"type":"branch","line":96,"loc":{"start":{"line":96,"column":31},"end":{"line":96,"column":85}},"locations":[{"start":{"line":96,"column":31},"end":{"line":96,"column":85}}]},"55":{"type":"branch","line":96,"loc":{"start":{"line":96,"column":38},"end":{"line":97,"column":18}},"locations":[{"start":{"line":96,"column":38},"end":{"line":97,"column":18}}]},"56":{"type":"branch","line":97,"loc":{"start":{"line":97,"column":7},"end":{"line":97,"column":31}},"locations":[{"start":{"line":97,"column":7},"end":{"line":97,"column":31}}]},"57":{"type":"branch","line":97,"loc":{"start":{"line":97,"column":31},"end":{"line":99,"column":59}},"locations":[{"start":{"line":97,"column":31},"end":{"line":99,"column":59}}]},"58":{"type":"branch","line":97,"loc":{"start":{"line":97,"column":31},"end":{"line":97,"column":85}},"locations":[{"start":{"line":97,"column":31},"end":{"line":97,"column":85}}]},"59":{"type":"branch","line":97,"loc":{"start":{"line":97,"column":38},"end":{"line":99,"column":59}},"locations":[{"start":{"line":97,"column":38},"end":{"line":99,"column":59}}]},"60":{"type":"branch","line":99,"loc":{"start":{"line":99,"column":59},"end":{"line":102,"column":53}},"locations":[{"start":{"line":99,"column":59},"end":{"line":102,"column":53}}]},"61":{"type":"branch","line":99,"loc":{"start":{"line":99,"column":59},"end":{"line":101,"column":3}},"locations":[{"start":{"line":99,"column":59},"end":{"line":101,"column":3}}]},"62":{"type":"branch","line":101,"loc":{"start":{"line":101,"column":2},"end":{"line":102,"column":30}},"locations":[{"start":{"line":101,"column":2},"end":{"line":102,"column":30}}]},"63":{"type":"branch","line":102,"loc":{"start":{"line":102,"column":25},"end":{"line":102,"column":53}},"locations":[{"start":{"line":102,"column":25},"end":{"line":102,"column":53}}]},"64":{"type":"branch","line":102,"loc":{"start":{"line":102,"column":53},"end":{"line":106,"column":1}},"locations":[{"start":{"line":102,"column":53},"end":{"line":106,"column":1}}]},"65":{"type":"branch","line":102,"loc":{"start":{"line":102,"column":53},"end":{"line":104,"column":3}},"locations":[{"start":{"line":102,"column":53},"end":{"line":104,"column":3}}]},"66":{"type":"branch","line":104,"loc":{"start":{"line":104,"column":2},"end":{"line":106,"column":1}},"locations":[{"start":{"line":104,"column":2},"end":{"line":106,"column":1}}]},"67":{"type":"branch","line":108,"loc":{"start":{"line":108,"column":7},"end":{"line":111,"column":1}},"locations":[{"start":{"line":108,"column":7},"end":{"line":111,"column":1}}]},"68":{"type":"branch","line":109,"loc":{"start":{"line":109,"column":34},"end":{"line":109,"column":46}},"locations":[{"start":{"line":109,"column":34},"end":{"line":109,"column":46}}]},"69":{"type":"branch","line":109,"loc":{"start":{"line":109,"column":41},"end":{"line":111,"column":1}},"locations":[{"start":{"line":109,"column":41},"end":{"line":111,"column":1}}]},"70":{"type":"branch","line":113,"loc":{"start":{"line":113,"column":7},"end":{"line":156,"column":1}},"locations":[{"start":{"line":113,"column":7},"end":{"line":156,"column":1}}]},"71":{"type":"branch","line":121,"loc":{"start":{"line":121,"column":46},"end":{"line":123,"column":3}},"locations":[{"start":{"line":121,"column":46},"end":{"line":123,"column":3}}]},"72":{"type":"branch","line":125,"loc":{"start":{"line":125,"column":28},"end":{"line":129,"column":3}},"locations":[{"start":{"line":125,"column":28},"end":{"line":129,"column":3}}]},"73":{"type":"branch","line":125,"loc":{"start":{"line":125,"column":28},"end":{"line":127,"column":9}},"locations":[{"start":{"line":125,"column":28},"end":{"line":127,"column":9}}]},"74":{"type":"branch","line":127,"loc":{"start":{"line":127,"column":2},"end":{"line":129,"column":3}},"locations":[{"start":{"line":127,"column":2},"end":{"line":129,"column":3}}]},"75":{"type":"branch","line":131,"loc":{"start":{"line":131,"column":25},"end":{"line":137,"column":13}},"locations":[{"start":{"line":131,"column":25},"end":{"line":137,"column":13}}]},"76":{"type":"branch","line":132,"loc":{"start":{"line":132,"column":26},"end":{"line":136,"column":5}},"locations":[{"start":{"line":132,"column":26},"end":{"line":136,"column":5}}]},"77":{"type":"branch","line":137,"loc":{"start":{"line":137,"column":2},"end":{"line":139,"column":3}},"locations":[{"start":{"line":137,"column":2},"end":{"line":139,"column":3}}]},"78":{"type":"branch","line":137,"loc":{"start":{"line":137,"column":30},"end":{"line":139,"column":3}},"locations":[{"start":{"line":137,"column":30},"end":{"line":139,"column":3}}]},"79":{"type":"branch","line":141,"loc":{"start":{"line":141,"column":23},"end":{"line":141,"column":63}},"locations":[{"start":{"line":141,"column":23},"end":{"line":141,"column":63}}]},"80":{"type":"branch","line":143,"loc":{"start":{"line":143,"column":13},"end":{"line":143,"column":57}},"locations":[{"start":{"line":143,"column":13},"end":{"line":143,"column":57}}]},"81":{"type":"branch","line":143,"loc":{"start":{"line":143,"column":57},"end":{"line":145,"column":3}},"locations":[{"start":{"line":143,"column":57},"end":{"line":145,"column":3}}]},"82":{"type":"branch","line":147,"loc":{"start":{"line":147,"column":79},"end":{"line":149,"column":3}},"locations":[{"start":{"line":147,"column":79},"end":{"line":149,"column":3}}]},"83":{"type":"branch","line":115,"loc":{"start":{"line":115,"column":15},"end":{"line":117,"column":4}},"locations":[{"start":{"line":115,"column":15},"end":{"line":117,"column":4}}]},"84":{"type":"branch","line":116,"loc":{"start":{"line":116,"column":11},"end":{"line":116,"column":26}},"locations":[{"start":{"line":116,"column":11},"end":{"line":116,"column":26}}]}},"b":{"0":[43],"1":[42],"2":[2],"3":[41],"4":[38],"5":[4],"6":[37],"7":[2],"8":[35],"9":[11],"10":[3],"11":[8],"12":[7],"13":[2],"14":[6],"15":[1],"16":[5],"17":[2],"18":[3],"19":[1],"20":[2],"21":[1],"22":[18],"23":[10],"24":[7],"25":[8],"26":[6],"27":[9],"28":[8],"29":[2],"30":[7],"31":[4],"32":[3],"33":[29],"34":[28],"35":[2],"36":[27],"37":[3],"38":[24],"39":[8],"40":[3],"41":[5],"42":[1],"43":[4],"44":[30],"45":[41],"46":[5],"47":[5],"48":[36],"49":[35],"50":[13],"51":[6],"52":[5],"53":[13],"54":[1],"55":[5],"56":[1],"57":[13],"58":[1],"59":[4],"60":[13],"61":[1],"62":[3],"63":[2],"64":[13],"65":[2],"66":[1],"67":[37],"68":[35],"69":[2],"70":[24],"71":[1],"72":[15],"73":[10],"74":[14],"75":[2],"76":[1],"77":[22],"78":[0],"79":[1],"80":[1],"81":[0],"82":[1],"83":[88],"84":[3]},"fnMap":{"0":{"name":"validateHostname","decl":{"start":{"line":22,"column":7},"end":{"line":33,"column":1}},"loc":{"start":{"line":22,"column":7},"end":{"line":33,"column":1}},"line":22},"1":{"name":"validatePanelPin","decl":{"start":{"line":35,"column":7},"end":{"line":57,"column":1}},"loc":{"start":{"line":35,"column":7},"end":{"line":57,"column":1}},"line":35},"2":{"name":"validatePassword","decl":{"start":{"line":59,"column":7},"end":{"line":67,"column":1}},"loc":{"start":{"line":59,"column":7},"end":{"line":67,"column":1}},"line":59},"3":{"name":"validateSerialNumber","decl":{"start":{"line":69,"column":7},"end":{"line":77,"column":1}},"loc":{"start":{"line":69,"column":7},"end":{"line":77,"column":1}},"line":69},"4":{"name":"normalizeMac","decl":{"start":{"line":83,"column":7},"end":{"line":89,"column":1}},"loc":{"start":{"line":83,"column":7},"end":{"line":89,"column":1}},"line":83},"5":{"name":"validateWifi","decl":{"start":{"line":91,"column":7},"end":{"line":106,"column":1}},"loc":{"start":{"line":91,"column":7},"end":{"line":106,"column":1}},"line":91},"6":{"name":"validateServerUrl","decl":{"start":{"line":108,"column":7},"end":{"line":111,"column":1}},"loc":{"start":{"line":108,"column":7},"end":{"line":111,"column":1}},"line":108},"7":{"name":"validateConfigLocally","decl":{"start":{"line":113,"column":7},"end":{"line":156,"column":1}},"loc":{"start":{"line":113,"column":7},"end":{"line":156,"column":1}},"line":113},"8":{"name":"push","decl":{"start":{"line":115,"column":15},"end":{"line":117,"column":4}},"loc":{"start":{"line":115,"column":15},"end":{"line":117,"column":4}},"line":115}},"f":{"0":43,"1":11,"2":9,"3":29,"4":8,"5":41,"6":37,"7":24,"8":88}}
,"/home/vic/Escritorio/Proyectos/sigil-flash/src/types/models.ts": {"path":"/home/vic/Escritorio/Proyectos/sigil-flash/src/types/models.ts","all":true,"statementMap":{},"s":{},"branchMap":{"0":{"type":"branch","line":1,"loc":{"start":{"line":1,"column":1079},"end":{"line":51,"column":1}},"locations":[{"start":{"line":1,"column":1079},"end":{"line":51,"column":1}}]}},"b":{"0":[1]},"fnMap":{"0":{"name":"(empty-report)","decl":{"start":{"line":1,"column":1079},"end":{"line":51,"column":1}},"loc":{"start":{"line":1,"column":1079},"end":{"line":51,"column":1}},"line":1}},"f":{"0":1}}
}
